[21:03:19] This is prokka 1.14.6
[21:03:19] Written by Torsten Seemann <torsten.seemann@gmail.com>
[21:03:19] Homepage is https://github.com/tseemann/prokka
[21:03:19] Local time is Mon Sep 30 21:03:19 2024
[21:03:19] You are alquwara
[21:03:19] Operating system is linux
[21:03:19] You have BioPerl 1.007002
[21:03:19] System has 40 cores.
[21:03:19] Will use maximum of 8 cores.
[21:03:19] Annotating as >>> Bacteria <<<
[21:03:19] Generating locus_tag from '/home/alquwara/ncbi_dataset/data/Reem/GCA_000008625.1_ASM862v1_genomic.fna' contents.
[21:03:19] Setting --locustag GBJEOBOH from MD5 0b3e8b819ec7866323a96f7e081ed393
[21:03:19] Re-using existing --outdir ./prokka_output/GCA_000008625.1_ASM862v1_genomic
[21:03:19] Using filename prefix: GCA_000008625.1_ASM862v1_genomic.XXX
[21:03:19] Setting HMMER_NCPU=1
[21:03:19] Writing log to: ./prokka_output/GCA_000008625.1_ASM862v1_genomic/GCA_000008625.1_ASM862v1_genomic.log
[21:03:19] Command: /ibex/sw/csi/prokka/1.14.5/conda2/miniconda2/bin/prokka --force --outdir ./prokka_output/GCA_000008625.1_ASM862v1_genomic --prefix GCA_000008625.1_ASM862v1_genomic /home/alquwara/ncbi_dataset/data/Reem/GCA_000008625.1_ASM862v1_genomic.fna
[21:03:19] Appending to PATH: /ibex/sw/csi/prokka/1.14.5/conda2/miniconda2/bin
[21:03:19] Looking for 'aragorn' - found /ibex/sw/csi/prokka/1.14.5/conda2/miniconda2/bin/aragorn
[21:03:19] Determined aragorn version is 001002 from 'ARAGORN v1.2.38 Dean Laslett'
[21:03:19] Looking for 'barrnap' - found /ibex/sw/csi/prokka/1.14.5/conda2/miniconda2/bin/barrnap
[21:03:19] Determined barrnap version is 000009 from 'barrnap 0.9'
[21:03:19] Looking for 'blastp' - found /ibex/sw/csi/prokka/1.14.5/conda2/miniconda2/bin/blastp
[21:03:20] Determined blastp version is 002010 from 'blastp: 2.10.1+'
[21:03:20] Looking for 'cmpress' - found /ibex/sw/csi/prokka/1.14.5/conda2/miniconda2/bin/cmpress
[21:03:20] Determined cmpress version is 001001 from '# INFERNAL 1.1.3 (Nov 2019)'
[21:03:20] Looking for 'cmscan' - found /ibex/sw/csi/prokka/1.14.5/conda2/miniconda2/bin/cmscan
[21:03:20] Determined cmscan version is 001001 from '# INFERNAL 1.1.3 (Nov 2019)'
[21:03:20] Looking for 'egrep' - found /usr/bin/egrep
[21:03:20] Looking for 'find' - found /usr/bin/find
[21:03:20] Looking for 'grep' - found /usr/bin/grep
[21:03:20] Looking for 'hmmpress' - found /ibex/sw/csi/prokka/1.14.5/conda2/miniconda2/bin/hmmpress
[21:03:20] Determined hmmpress version is 003003 from '# HMMER 3.3.2 (Nov 2020); http://hmmer.org/'
[21:03:20] Looking for 'hmmscan' - found /ibex/sw/csi/prokka/1.14.5/conda2/miniconda2/bin/hmmscan
[21:03:20] Determined hmmscan version is 003003 from '# HMMER 3.3.2 (Nov 2020); http://hmmer.org/'
[21:03:20] Looking for 'java' - found /ibex/sw/csi/prokka/1.14.5/conda2/miniconda2/bin/java
[21:03:20] Looking for 'makeblastdb' - found /ibex/sw/csi/prokka/1.14.5/conda2/miniconda2/bin/makeblastdb
[21:03:20] Determined makeblastdb version is 002010 from 'makeblastdb: 2.10.1+'
[21:03:20] Looking for 'minced' - found /ibex/sw/csi/prokka/1.14.5/conda2/miniconda2/bin/minced
[21:03:20] Determined minced version is 004002 from 'minced 0.4.2'
[21:03:20] Looking for 'parallel' - found /ibex/sw/csi/prokka/1.14.5/conda2/miniconda2/bin/parallel
[21:03:20] Determined parallel version is 20201122 from 'GNU parallel 20201122'
[21:03:20] Looking for 'prodigal' - found /ibex/sw/csi/prokka/1.14.5/conda2/miniconda2/bin/prodigal
[21:03:20] Determined prodigal version is 002006 from 'Prodigal V2.6.3: February, 2016'
[21:03:20] Looking for 'prokka-genbank_to_fasta_db' - found /ibex/sw/csi/prokka/1.14.5/conda2/miniconda2/bin/prokka-genbank_to_fasta_db
[21:03:20] Looking for 'sed' - found /usr/bin/sed
[21:03:20] Looking for 'tbl2asn' - found /ibex/sw/csi/prokka/1.14.5/conda2/miniconda2/bin/tbl2asn
[21:03:20] Determined tbl2asn version is 025007 from 'tbl2asn 25.7   arguments:'
[21:03:20] Using genetic code table 11.
[21:03:20] Loading and checking input file: /home/alquwara/ncbi_dataset/data/Reem/GCA_000008625.1_ASM862v1_genomic.fna
[21:03:20] Wrote 2 contigs totalling 1590791 bp.
[21:03:20] Predicting tRNAs and tmRNAs
[21:03:20] Running: aragorn -l -gc11  -w \.\/prokka_output\/GCA_000008625\.1_ASM862v1_genomic\/GCA_000008625\.1_ASM862v1_genomic\.fna
[21:03:20] 1 tRNA-Ser [168875,168966] 35 (gga)
[21:03:20] 2 tRNA-Leu [215844,215931] 35 (gag)
[21:03:20] 3 tRNA-Gly [217784,217858] 33 (gcc)
[21:03:20] 4 tRNA-Cys [217867,217941] 33 (gca)
[21:03:20] 5 tRNA-Gly c[296987,297061] 33 (ccc)
[21:03:20] 6 tRNA-Thr c[383314,383386] 33 (cgt)
[21:03:20] 7 tRNA-Met [403089,403165] 35 (cat)
[21:03:20] 8 tRNA-Arg c[443924,444000] 35 (cct)
[21:03:20] 9 tRNA-Phe c[450405,450480] 34 (gaa)
[21:03:20] 10 tRNA-Pro [552612,552687] 34 (ggg)
[21:03:20] 11 tRNA-Ala c[570931,571004] 34 (tgc)
[21:03:20] 12 tRNA-Ile c[571021,571094] 35 (gat)
[21:03:20] 13 tRNA-Leu c[601714,601801] 35 (taa)
[21:03:20] 14 tRNA-Arg c[619913,619987] 35 (ccg)
[21:03:20] 15 tRNA-Ser c[643592,643683] 35 (gct)
[21:03:20] 16 tRNA-SeC [727371,727469] 36 (tca)
[21:03:20] 17 tRNA-Val c[730601,730676] 34 (gac)
[21:03:20] 18 tRNA-Leu c[844143,844230] 35 (caa)
[21:03:20] 19 tRNA-Met c[861903,861978] 34 (cat)
[21:03:20] 20 tRNA-Leu c[898299,898385] 35 (cag)
[21:03:20] 21 tRNA-Leu c[955409,955495] 35 (tag)
[21:03:20] 22 tRNA-Met [970381,970457] 35 (cat)
[21:03:20] 23 tRNA-Ser [972005,972095] 35 (cga)
[21:03:20] 24 tRNA-Asn [1050475,1050550] 34 (gtt)
[21:03:20] 25 tRNA-Gln c[1147762,1147837] 34 (ttg)
[21:03:20] 26 tmRNA c[1153498,1153844] 70,111 AKTAPEAELALAA*
[21:03:20] 27 tRNA-Pro c[1174311,1174383] 34 (cgg)
[21:03:20] 28 tRNA-Ile [1193760,1193833] 35 (gat)
[21:03:20] 29 tRNA-Ala [1193850,1193923] 34 (tgc)
[21:03:20] 30 tRNA-Arg [1197109,1197185] 35 (tct)
[21:03:20] 31 tRNA-Ser c[1231220,1231312] 35 (tga)
[21:03:20] 32 tRNA-Lys c[1242833,1242908] 34 (ctt)
[21:03:20] 33 tRNA-Arg c[1242934,1243010] 35 (acg)
[21:03:20] 34 tRNA-His [1245134,1245209] 34 (gtg)
[21:03:20] 35 tRNA-Thr [1356479,1356553] 35 (tgt)
[21:03:20] 36 tRNA-Tyr [1356575,1356659] 35 (gta)
[21:03:20] 37 tRNA-Gly [1356669,1356744] 34 (tcc)
[21:03:20] 38 tRNA-Thr [1356774,1356849] 34 (ggt)
[21:03:20] 39 tRNA-Trp [1358326,1358401] 34 (cca)
[21:03:20] 40 tRNA-Asp c[1376002,1376079] 36 (gtc)
[21:03:20] 41 tRNA-Val c[1452938,1453013] 34 (tac)
[21:03:20] 42 tRNA-Glu c[1453035,1453112] 37 (ttc)
[21:03:20] 43 tRNA-Lys c[1515347,1515422] 34 (ttt)
[21:03:20] 44 tRNA-Ala c[1515436,1515511] 34 (ggc)
[21:03:20] 45 tRNA-Pro c[1531052,1531124] 34 (tgg)
[21:03:20] Found 45 tRNAs
[21:03:20] Predicting Ribosomal RNAs
[21:03:20] Running Barrnap with 8 threads
[21:03:21] 1 AE000657.1 567774 5S ribosomal RNA
[21:03:21] 2 AE000657.1 567934 23S ribosomal RNA
[21:03:21] 3 AE000657.1 571200 16S ribosomal RNA
[21:03:21] 4 AE000657.1 1192075 16S ribosomal RNA
[21:03:21] 5 AE000657.1 1193973 23S ribosomal RNA
[21:03:21] 6 AE000657.1 1196969 5S ribosomal RNA
[21:03:21] Found 6 rRNAs
[21:03:21] Skipping ncRNA search, enable with --rfam if desired.
[21:03:21] Total of 50 tRNA + rRNA features
[21:03:21] Searching for CRISPR repeats
[21:03:21] CRISPR1 AE000657.1 156460 with 5 spacers
[21:03:21] CRISPR2 AE000657.1 244561 with 4 spacers
[21:03:21] CRISPR3 AE000657.1 279264 with 5 spacers
[21:03:21] CRISPR4 AE000657.1 1226626 with 4 spacers
[21:03:21] CRISPR5 AE000657.1 1379598 with 5 spacers
[21:03:21] CRISPR6 AE000657.1 1418900 with 3 spacers
[21:03:21] CRISPR7 AE000667.1 437 with 4 spacers
[21:03:21] Found 7 CRISPRs
[21:03:21] Predicting coding sequences
[21:03:21] Contigs total 1590791 bp, so using single mode
[21:03:21] Running: prodigal -i \.\/prokka_output\/GCA_000008625\.1_ASM862v1_genomic\/GCA_000008625\.1_ASM862v1_genomic\.fna -c -m -g 11 -p single -f sco -q
[21:03:25] Excluding CDS which overlaps existing RNA (tRNA) at AE000657.1:217910..218716 on - strand
[21:03:26] Excluding CDS which overlaps existing RNA (tRNA) at AE000657.1:402088..403089 on + strand
[21:03:26] Excluding CDS which overlaps existing RNA (tRNA) at AE000657.1:954053..955489 on - strand
[21:03:26] Excluding CDS which overlaps existing RNA (repeat_region) at AE000667.1:91..492 on - strand
[21:03:26] Found 1771 CDS
[21:03:26] Connecting features back to sequences
[21:03:26] Not using genus-specific database. Try --usegenus to enable it.
[21:03:26] Annotating CDS, please be patient.
[21:03:26] Will use 8 CPUs for similarity searching.
[21:03:27] There are still 1771 unannotated CDS left (started with 1771)
[21:03:27] Will use blast to search against /ibex/sw/csi/prokka/1.14.5/conda2/miniconda2/db/kingdom/Bacteria/IS with 8 CPUs
[21:03:27] Running: cat \.\/prokka_output\/GCA_000008625\.1_ASM862v1_genomic\/GCA_000008625\.1_ASM862v1_genomic\.IS\.tmp\.2302149\.faa | parallel --gnu --plain -j 8 --block 32106 --recstart '>' --pipe blastp -query - -db /ibex/sw/csi/prokka/1.14.5/conda2/miniconda2/db/kingdom/Bacteria/IS -evalue 1e-30 -qcov_hsp_perc 90 -num_threads 1 -num_descriptions 1 -num_alignments 1 -seg no > \.\/prokka_output\/GCA_000008625\.1_ASM862v1_genomic\/GCA_000008625\.1_ASM862v1_genomic\.IS\.tmp\.2302149\.blast 2> /dev/null
[21:03:31] Deleting unwanted file: ./prokka_output/GCA_000008625.1_ASM862v1_genomic/GCA_000008625.1_ASM862v1_genomic.IS.tmp.2302149.faa
[21:03:31] Deleting unwanted file: ./prokka_output/GCA_000008625.1_ASM862v1_genomic/GCA_000008625.1_ASM862v1_genomic.IS.tmp.2302149.blast
[21:03:32] There are still 1768 unannotated CDS left (started with 1771)
[21:03:32] Will use blast to search against /ibex/sw/csi/prokka/1.14.5/conda2/miniconda2/db/kingdom/Bacteria/AMR with 8 CPUs
[21:03:32] Running: cat \.\/prokka_output\/GCA_000008625\.1_ASM862v1_genomic\/GCA_000008625\.1_ASM862v1_genomic\.AMR\.tmp\.2302149\.faa | parallel --gnu --plain -j 8 --block 32047 --recstart '>' --pipe blastp -query - -db /ibex/sw/csi/prokka/1.14.5/conda2/miniconda2/db/kingdom/Bacteria/AMR -evalue 9.99999999999999e-301 -qcov_hsp_perc 90 -num_threads 1 -num_descriptions 1 -num_alignments 1 -seg no > \.\/prokka_output\/GCA_000008625\.1_ASM862v1_genomic\/GCA_000008625\.1_ASM862v1_genomic\.AMR\.tmp\.2302149\.blast 2> /dev/null
[21:03:35] Deleting unwanted file: ./prokka_output/GCA_000008625.1_ASM862v1_genomic/GCA_000008625.1_ASM862v1_genomic.AMR.tmp.2302149.faa
[21:03:35] Deleting unwanted file: ./prokka_output/GCA_000008625.1_ASM862v1_genomic/GCA_000008625.1_ASM862v1_genomic.AMR.tmp.2302149.blast
[21:03:36] There are still 1768 unannotated CDS left (started with 1771)
[21:03:36] Will use blast to search against /ibex/sw/csi/prokka/1.14.5/conda2/miniconda2/db/kingdom/Bacteria/sprot with 8 CPUs
[21:03:36] Running: cat \.\/prokka_output\/GCA_000008625\.1_ASM862v1_genomic\/GCA_000008625\.1_ASM862v1_genomic\.sprot\.tmp\.2302149\.faa | parallel --gnu --plain -j 8 --block 32047 --recstart '>' --pipe blastp -query - -db /ibex/sw/csi/prokka/1.14.5/conda2/miniconda2/db/kingdom/Bacteria/sprot -evalue 1e-09 -qcov_hsp_perc 80 -num_threads 1 -num_descriptions 1 -num_alignments 1 -seg no > \.\/prokka_output\/GCA_000008625\.1_ASM862v1_genomic\/GCA_000008625\.1_ASM862v1_genomic\.sprot\.tmp\.2302149\.blast 2> /dev/null
[21:03:53] Modify product: Probable nicotinate-nucleotide pyrophosphorylase [carboxylating] => putative nicotinate-nucleotide pyrophosphorylase [carboxylating]
[21:03:53] Modify product: Probable septum site-determining protein MinC => putative septum site-determining protein MinC
[21:03:53] Modify product: Phosphate-specific transport system accessory protein PhoU homolog => Phosphate-specific transport system accessory protein PhoU 
[21:03:53] Modify product: Uncharacterized protein Rv1899c => putative protein
[21:03:53] Modify product: SCO1 protein homolog => SCO1 protein 
[21:03:53] Modify product: Probable nicotinate-nucleotide adenylyltransferase => putative nicotinate-nucleotide adenylyltransferase
[21:03:53] Modify product: Uncharacterized protein TM_1570 => putative protein
[21:03:53] Modify product: Putative phosphoribosyl transferase Rv0571c => Putative phosphoribosyl transferase
[21:03:53] Modify product: UPF0053 inner membrane protein YfjD => hypothetical protein
[21:03:53] Modify product: UPF0109 protein Rv2908c => hypothetical protein
[21:03:53] Modify product: Probable FMN/FAD exporter YeeO => putative FMN/FAD exporter YeeO
[21:03:53] Modify product: UPF0166 protein TM_0021 => hypothetical protein
[21:03:53] Modify product: Sulfurtransferase Alvin_2599 => Sulfurtransferase
[21:03:53] Modify product: Putative peroxiredoxin Rv2521 => Putative peroxiredoxin
[21:03:53] Modify product: Probable lipid II flippase MurJ => putative lipid II flippase MurJ
[21:03:53] Modify product: Probable undecaprenyl-phosphate N-acetylglucosaminyl 1-phosphate transferase => putative undecaprenyl-phosphate N-acetylglucosaminyl 1-phosphate transferase
[21:03:53] Modify product: UPF0056 inner membrane protein YhgN => hypothetical protein
[21:03:53] Modify product: Probable peptidoglycan D,D-transpeptidase PenA => putative peptidoglycan D,D-transpeptidase PenA
[21:03:53] Modify product: Uncharacterized protein aq_328 => putative protein aq_328
[21:03:53] Modify product: Probable dual-specificity RNA methyltransferase RlmN => putative dual-specificity RNA methyltransferase RlmN
[21:03:53] Modify product: UPF0701 protein HI_0467 => hypothetical protein
[21:03:53] Modify product: Probable CtpA-like serine protease => putative CtpA-like serine protease
[21:03:53] Modify product: Probable N-glycosylase/DNA lyase => putative N-glycosylase/DNA lyase
[21:03:53] Modify product: Uncharacterized protein Rv1829 => putative protein
[21:03:53] Modify product: Uncharacterized protein Rv2004c => putative protein
[21:03:53] Modify product: Uncharacterized protein aq_328 => putative protein aq_328
[21:03:53] Modify product: Uncharacterized periplasmic iron-binding protein HI_0362 => putative periplasmic iron-binding protein
[21:03:53] Modify product: UPF0434 protein YcaR => hypothetical protein
[21:03:53] Modify product: Probable Ni/Fe-hydrogenase 1 B-type cytochrome subunit => putative Ni/Fe-hydrogenase 1 B-type cytochrome subunit
[21:03:53] Modify product: Uncharacterized protein HI_1048 => putative protein
[21:03:53] Modify product: Uncharacterized protein YpbG => putative protein YpbG
[21:03:53] Modify product: Probable bifunctional SAT/APS kinase => putative bifunctional SAT/APS kinase
[21:03:53] Modify product: Probable glycine dehydrogenase (decarboxylating) subunit 1 => putative glycine dehydrogenase (decarboxylating) subunit 1
[21:03:53] Modify product: Probable molybdenum cofactor guanylyltransferase => putative molybdenum cofactor guanylyltransferase
[21:03:53] Modify product: Probable ABC transporter-binding protein DR_1571 => putative ABC transporter-binding protein
[21:03:53] Modify product: Uncharacterized RNA pseudouridine synthase Rv1711 => putative RNA pseudouridine synthase
[21:03:53] Modify product: Putative esterase aq_1494 => Putative esterase
[21:03:53] Modify product: Probable sulfate transporter Rv1739c => putative sulfate transporter
[21:03:53] Modify product: Uncharacterized protein Rv2003c => putative protein
[21:03:53] Modify product: Uncharacterized zinc protease Rv2782c => putative zinc protease
[21:03:53] Modify product: Probable cold shock protein A => putative cold shock protein A
[21:03:53] Modify product: Probable adenylyltransferase/sulfurtransferase MoeZ => putative adenylyltransferase/sulfurtransferase MoeZ
[21:03:53] Modify product: Phage shock protein A homolog => Phage shock protein A 
[21:03:53] Modify product: Probable iron export permease protein FetB => putative iron export permease protein FetB
[21:03:53] Modify product: UPF0098 protein YbhB => hypothetical protein
[21:03:53] Modify product: Uncharacterized ABC transporter ATP-binding protein TM_0288 => putative ABC transporter ATP-binding protein
[21:03:53] Modify product: Probable transcriptional regulatory protein aq_1575 => putative transcriptional regulatory protein
[21:03:53] Modify product: Probable tRNA-dihydrouridine synthase => putative tRNA-dihydrouridine synthase
[21:03:53] Modify product: UPF0758 protein YsxA => hypothetical protein
[21:03:53] Modify product: Uncharacterized protein aq_1627 => putative protein
[21:03:53] Modify product: Probable endonuclease 4 => putative endonuclease 4
[21:03:53] Modify product: Putative sulfur carrier protein TM_0983 => Putative sulfur carrier protein
[21:03:53] Modify product: Uncharacterized protein YqgN => putative protein YqgN
[21:03:53] Modify product: Uncharacterized FAD-linked oxidoreductase Rv2280 => putative FAD-linked oxidoreductase
[21:03:54] Modify product: Probable GTP-binding protein EngB => putative GTP-binding protein EngB
[21:03:54] Modify product: Protein aq_1857 => Protein
[21:03:54] Modify product: Uncharacterized protein YccU => putative protein YccU
[21:03:54] Modify product: Bifunctional protein FolD => Bifunctional protein FolD protein
[21:03:54] Modify product: Probable glycine dehydrogenase (decarboxylating) subunit 2 => putative glycine dehydrogenase (decarboxylating) subunit 2
[21:03:54] Modify product: Putative zinc metalloprotease aq_1964 => Putative zinc metalloprotease
[21:03:54] Modify product: UPF0047 protein Rv2556c => hypothetical protein
[21:03:54] Modify product: Uncharacterized protein aq_1974 => putative protein
[21:03:54] Modify product: Protease HtpX homolog => Protease HtpX 
[21:03:54] Modify product: UPF0047 protein Rv2556c => hypothetical protein
[21:03:54] Modify product: UPF0045 protein Rv1898 => hypothetical protein
[21:03:54] Modify product: Dihydroorotate dehydrogenase B (NAD(+)), electron transfer subunit homolog => Dihydroorotate dehydrogenase B (NAD(+)), electron transfer subunit 
[21:03:54] Modify product: UPF0053 protein HI_0107 => hypothetical protein
[21:03:54] Cleaned 67 /product names
[21:03:54] Deleting unwanted file: ./prokka_output/GCA_000008625.1_ASM862v1_genomic/GCA_000008625.1_ASM862v1_genomic.sprot.tmp.2302149.faa
[21:03:54] Deleting unwanted file: ./prokka_output/GCA_000008625.1_ASM862v1_genomic/GCA_000008625.1_ASM862v1_genomic.sprot.tmp.2302149.blast
[21:03:54] There are still 875 unannotated CDS left (started with 1771)
[21:03:54] Will use hmmer3 to search against /ibex/sw/csi/prokka/1.14.5/conda2/miniconda2/db/hmm/HAMAP.hmm with 8 CPUs
[21:03:54] Running: cat \.\/prokka_output\/GCA_000008625\.1_ASM862v1_genomic\/GCA_000008625\.1_ASM862v1_genomic\.HAMAP\.hmm\.tmp\.2302149\.faa | parallel --gnu --plain -j 8 --block 13319 --recstart '>' --pipe hmmscan --noali --notextw --acc -E 1e-09 --cpu 1 /ibex/sw/csi/prokka/1.14.5/conda2/miniconda2/db/hmm/HAMAP.hmm /dev/stdin > \.\/prokka_output\/GCA_000008625\.1_ASM862v1_genomic\/GCA_000008625\.1_ASM862v1_genomic\.HAMAP\.hmm\.tmp\.2302149\.hmmer3 2> /dev/null
[21:03:59] Deleting unwanted file: ./prokka_output/GCA_000008625.1_ASM862v1_genomic/GCA_000008625.1_ASM862v1_genomic.HAMAP.hmm.tmp.2302149.faa
[21:03:59] Deleting unwanted file: ./prokka_output/GCA_000008625.1_ASM862v1_genomic/GCA_000008625.1_ASM862v1_genomic.HAMAP.hmm.tmp.2302149.hmmer3
[21:03:59] Labelling remaining 703 proteins as 'hypothetical protein'
[21:03:59] Possible /pseudo 'Ferredoxin, 2Fe-2S' at AE000657.1 position 66706
[21:03:59] Possible /pseudo 'Small ribosomal subunit biogenesis GTPase RsgA' at AE000657.1 position 102853
[21:03:59] Possible /pseudo 'Motility protein B' at AE000657.1 position 693181
[21:03:59] Possible /pseudo 'ATP synthase subunit b' at AE000657.1 position 1119542
[21:03:59] Possible /pseudo 'Serine-pyruvate aminotransferase' at AE000657.1 position 1121827
[21:03:59] Possible /pseudo 'Bifunctional glutamine synthetase adenylyltransferase/adenylyl-removing enzyme' at AE000657.1 position 1254345
[21:03:59] Possible /pseudo 'Acetyl-coenzyme A synthetase' at AE000657.1 position 1479634
[21:03:59] Found 871 unique /gene codes.
[21:03:59] Fixed 2 duplicate /gene - btuD_1 btuD_2
[21:03:59] Fixed 2 duplicate /gene - sigA_1 sigA_2
[21:03:59] Fixed 2 duplicate /gene - mrdB_1 mrdB_2
[21:03:59] Fixed 2 duplicate /gene - mglA_1 mglA_2
[21:03:59] Fixed 2 duplicate /gene - rgy_1 rgy_2
[21:03:59] Fixed 2 duplicate /gene - rsgA_1 rsgA_2
[21:03:59] Fixed 2 duplicate /gene - ccsA_1 ccsA_2
[21:03:59] Fixed 2 duplicate /gene - fccB_1 fccB_2
[21:03:59] Fixed 2 duplicate /gene - thrC_1 thrC_2
[21:03:59] Fixed 2 duplicate /gene - epmA_1 epmA_2
[21:03:59] Fixed 2 duplicate /gene - dnaJ_1 dnaJ_2
[21:03:59] Fixed 2 duplicate /gene - cdgJ_1 cdgJ_2
[21:03:59] Fixed 2 duplicate /gene - xerC_1 xerC_2
[21:03:59] Fixed 2 duplicate /gene - yhfA_1 yhfA_2
[21:03:59] Fixed 2 duplicate /gene - rpsG_1 rpsG_2
[21:03:59] Fixed 2 duplicate /gene - lipM_1 lipM_2
[21:03:59] Fixed 4 duplicate /gene - atoC_1 atoC_2 atoC_3 atoC_4
[21:03:59] Fixed 2 duplicate /gene - bamA_1 bamA_2
[21:03:59] Fixed 2 duplicate /gene - atpF_1 atpF_2
[21:03:59] Fixed 2 duplicate /gene - trpD_1 trpD_2
[21:03:59] Fixed 2 duplicate /gene - tolQ_1 tolQ_2
[21:03:59] Fixed 2 duplicate /gene - mdtA_1 mdtA_2
[21:03:59] Fixed 3 duplicate /gene - nth_1 nth_2 nth_3
[21:03:59] Fixed 2 duplicate /gene - mdh_1 mdh_2
[21:03:59] Fixed 2 duplicate /gene - mshA_1 mshA_2
[21:03:59] Fixed 2 duplicate /gene - glmM_1 glmM_2
[21:03:59] Fixed 2 duplicate /gene - resA_1 resA_2
[21:03:59] Fixed 2 duplicate /gene - yojM_1 yojM_2
[21:03:59] Fixed 5 duplicate /gene - gcvH_1 gcvH_2 gcvH_3 gcvH_4 gcvH_5
[21:03:59] Fixed 2 duplicate /gene - rlmI_1 rlmI_2
[21:03:59] Fixed 4 duplicate /gene - arnT_1 arnT_2 arnT_3 arnT_4
[21:03:59] Fixed 2 duplicate /gene - gph_1 gph_2
[21:03:59] Fixed 2 duplicate /gene - atpD_1 atpD_2
[21:03:59] Fixed 2 duplicate /gene - polC_1 polC_2
[21:03:59] Fixed 2 duplicate /gene - bioB_1 bioB_2
[21:03:59] Fixed 2 duplicate /gene - rhdA_1 rhdA_2
[21:03:59] Fixed 3 duplicate /gene - COQ5_1 COQ5_2 COQ5_3
[21:03:59] Fixed 2 duplicate /gene - hfq_1 hfq_2
[21:03:59] Fixed 2 duplicate /gene - carB_1 carB_2
[21:03:59] Fixed 2 duplicate /gene - sqr_1 sqr_2
[21:03:59] Fixed 2 duplicate /gene - nuoM_1 nuoM_2
[21:03:59] Fixed 2 duplicate /gene - lolD_1 lolD_2
[21:03:59] Fixed 3 duplicate /gene - dsbD_1 dsbD_2 dsbD_3
[21:03:59] Fixed 2 duplicate /gene - dksA_1 dksA_2
[21:03:59] Fixed 2 duplicate /gene - flhB_1 flhB_2
[21:03:59] Fixed 2 duplicate /gene - murB_1 murB_2
[21:03:59] Fixed 2 duplicate /gene - cfiB_1 cfiB_2
[21:03:59] Fixed 2 duplicate /gene - speE_1 speE_2
[21:03:59] Fixed 2 duplicate /gene - cpdA_1 cpdA_2
[21:03:59] Fixed 2 duplicate /gene - nfuA_1 nfuA_2
[21:03:59] Fixed 2 duplicate /gene - smc_1 smc_2
[21:03:59] Fixed 2 duplicate /gene - sucD_1 sucD_2
[21:03:59] Fixed 2 duplicate /gene - ndhC_1 ndhC_2
[21:03:59] Fixed 2 duplicate /gene - leuS_1 leuS_2
[21:03:59] Fixed 2 duplicate /gene - metG_1 metG_2
[21:03:59] Fixed 2 duplicate /gene - ilvE_1 ilvE_2
[21:03:59] Fixed 2 duplicate /gene - nuoH_1 nuoH_2
[21:03:59] Fixed 2 duplicate /gene - ndhI_1 ndhI_2
[21:03:59] Fixed 2 duplicate /gene - radA_1 radA_2
[21:03:59] Fixed 2 duplicate /gene - acsA_1 acsA_2
[21:03:59] Fixed 2 duplicate /gene - flgG_1 flgG_2
[21:03:59] Fixed 2 duplicate /gene - ndhB_1 ndhB_2
[21:03:59] Fixed 2 duplicate /gene - prsA_1 prsA_2
[21:03:59] Fixed 2 duplicate /gene - mtnB_1 mtnB_2
[21:03:59] Fixed 2 duplicate /gene - hldE_1 hldE_2
[21:03:59] Fixed 2 duplicate /gene - fdx4_1 fdx4_2
[21:03:59] Fixed 2 duplicate /gene - hldD_1 hldD_2
[21:03:59] Fixed 2 duplicate /gene - nuoJ_1 nuoJ_2
[21:03:59] Fixed 2 duplicate /gene - trpB_1 trpB_2
[21:03:59] Fixed 2 duplicate /gene - epsE_1 epsE_2
[21:03:59] Fixed 2 duplicate /gene - murJ_1 murJ_2
[21:03:59] Fixed 2 duplicate /gene - fmt_1 fmt_2
[21:03:59] Fixed 2 duplicate /gene - hoxK_1 hoxK_2
[21:03:59] Fixed 2 duplicate /gene - mltC_1 mltC_2
[21:03:59] Fixed 3 duplicate /gene - tuf_1 tuf_2 tuf_3
[21:03:59] Fixed 2 duplicate /gene - cpoB_1 cpoB_2
[21:03:59] Fixed 2 duplicate /gene - cfiA_1 cfiA_2
[21:03:59] Fixed 2 duplicate /gene - nuoC_1 nuoC_2
[21:03:59] Fixed 3 duplicate /gene - tusA_1 tusA_2 tusA_3
[21:03:59] Fixed 4 duplicate /gene - bepA_1 bepA_2 bepA_3 bepA_4
[21:03:59] Fixed 2 duplicate /gene - iscS_1 iscS_2
[21:03:59] Fixed 2 duplicate /gene - pilT_1 pilT_2
[21:03:59] Fixed 2 duplicate /gene - polA_1 polA_2
[21:03:59] Fixed 2 duplicate /gene - rlpA_1 rlpA_2
[21:03:59] Fixed 2 duplicate /gene - atpG_1 atpG_2
[21:03:59] Fixed 2 duplicate /gene - nuoN_1 nuoN_2
[21:03:59] Fixed 2 duplicate /gene - kmo_1 kmo_2
[21:03:59] Fixed 2 duplicate /gene - motB_1 motB_2
[21:03:59] Fixed 2 duplicate /gene - cmpR_1 cmpR_2
[21:03:59] Fixed 2 duplicate /gene - clpX_1 clpX_2
[21:03:59] Fixed 2 duplicate /gene - rpsL_1 rpsL_2
[21:03:59] Fixed 2 duplicate /gene - glnE_1 glnE_2
[21:03:59] Fixed 2 duplicate /gene - kamA_1 kamA_2
[21:03:59] Fixed 2 duplicate /gene - arsC_1 arsC_2
[21:03:59] Fixed 2 duplicate /gene - queC_1 queC_2
[21:03:59] Fixed 95 colliding /gene names.
[21:03:59] Adding /locus_tag identifiers
[21:03:59] Assigned 1822 locus_tags to CDS and RNA features.
[21:03:59] Writing outputs to ./prokka_output/GCA_000008625.1_ASM862v1_genomic/
[21:04:00] Generating annotation statistics file
[21:04:00] Generating Genbank and Sequin files
[21:04:00] Running: tbl2asn -V b -a r10k -l paired-ends -M n -N 1 -y 'Annotated using prokka 1.14.6 from https://github.com/tseemann/prokka' -Z \.\/prokka_output\/GCA_000008625\.1_ASM862v1_genomic\/GCA_000008625\.1_ASM862v1_genomic\.err -i \.\/prokka_output\/GCA_000008625\.1_ASM862v1_genomic\/GCA_000008625\.1_ASM862v1_genomic\.fsa 2> /dev/null
[21:04:03] Deleting unwanted file: ./prokka_output/GCA_000008625.1_ASM862v1_genomic/errorsummary.val
[21:04:03] Deleting unwanted file: ./prokka_output/GCA_000008625.1_ASM862v1_genomic/GCA_000008625.1_ASM862v1_genomic.dr
[21:04:03] Deleting unwanted file: ./prokka_output/GCA_000008625.1_ASM862v1_genomic/GCA_000008625.1_ASM862v1_genomic.fixedproducts
[21:04:03] Deleting unwanted file: ./prokka_output/GCA_000008625.1_ASM862v1_genomic/GCA_000008625.1_ASM862v1_genomic.ecn
[21:04:03] Deleting unwanted file: ./prokka_output/GCA_000008625.1_ASM862v1_genomic/GCA_000008625.1_ASM862v1_genomic.val
[21:04:03] Repairing broken .GBK output that tbl2asn produces...
[21:04:03] Running: sed 's/COORDINATES: profile/COORDINATES:profile/' < \.\/prokka_output\/GCA_000008625\.1_ASM862v1_genomic\/GCA_000008625\.1_ASM862v1_genomic\.gbf > \.\/prokka_output\/GCA_000008625\.1_ASM862v1_genomic\/GCA_000008625\.1_ASM862v1_genomic\.gbk
[21:04:03] Deleting unwanted file: ./prokka_output/GCA_000008625.1_ASM862v1_genomic/GCA_000008625.1_ASM862v1_genomic.gbf
[21:04:03] Output files:
[21:04:03] ./prokka_output/GCA_000008625.1_ASM862v1_genomic/GCA_000008625.1_ASM862v1_genomic.log
[21:04:03] ./prokka_output/GCA_000008625.1_ASM862v1_genomic/GCA_000008625.1_ASM862v1_genomic.fna
[21:04:03] ./prokka_output/GCA_000008625.1_ASM862v1_genomic/GCA_000008625.1_ASM862v1_genomic.gff
[21:04:03] ./prokka_output/GCA_000008625.1_ASM862v1_genomic/GCA_000008625.1_ASM862v1_genomic.faa
[21:04:03] ./prokka_output/GCA_000008625.1_ASM862v1_genomic/GCA_000008625.1_ASM862v1_genomic.ffn
[21:04:03] ./prokka_output/GCA_000008625.1_ASM862v1_genomic/GCA_000008625.1_ASM862v1_genomic.tbl
[21:04:03] ./prokka_output/GCA_000008625.1_ASM862v1_genomic/GCA_000008625.1_ASM862v1_genomic.fsa
[21:04:03] ./prokka_output/GCA_000008625.1_ASM862v1_genomic/GCA_000008625.1_ASM862v1_genomic.tsv
[21:04:03] ./prokka_output/GCA_000008625.1_ASM862v1_genomic/GCA_000008625.1_ASM862v1_genomic.txt
[21:04:03] ./prokka_output/GCA_000008625.1_ASM862v1_genomic/GCA_000008625.1_ASM862v1_genomic.gbk
[21:04:03] ./prokka_output/GCA_000008625.1_ASM862v1_genomic/GCA_000008625.1_ASM862v1_genomic.sqn
[21:04:03] ./prokka_output/GCA_000008625.1_ASM862v1_genomic/GCA_000008625.1_ASM862v1_genomic.err
[21:04:03] Annotation finished successfully.
[21:04:03] Walltime used: 0.73 minutes
[21:04:03] If you use this result please cite the Prokka paper:
[21:04:03] Seemann T (2014) Prokka: rapid prokaryotic genome annotation. Bioinformatics. 30(14):2068-9.
[21:04:03] Type 'prokka --citation' for more details.
[21:04:03] Thank you, come again.
