[21:04:57] This is prokka 1.14.6
[21:04:57] Written by Torsten Seemann <torsten.seemann@gmail.com>
[21:04:57] Homepage is https://github.com/tseemann/prokka
[21:04:57] Local time is Mon Sep 30 21:04:57 2024
[21:04:57] You are alquwara
[21:04:57] Operating system is linux
[21:04:57] You have BioPerl 1.007002
[21:04:57] System has 40 cores.
[21:04:57] Will use maximum of 8 cores.
[21:04:57] Annotating as >>> Bacteria <<<
[21:04:57] Generating locus_tag from '/home/alquwara/ncbi_dataset/data/Reem/GCA_000008785.1_ASM878v1_genomic.fna' contents.
[21:04:57] Setting --locustag DOCPLECE from MD5 d8c95ece88ce0840563350b7eea05f72
[21:04:57] Re-using existing --outdir ./prokka_output/GCA_000008785.1_ASM878v1_genomic
[21:04:57] Using filename prefix: GCA_000008785.1_ASM878v1_genomic.XXX
[21:04:57] Setting HMMER_NCPU=1
[21:04:57] Writing log to: ./prokka_output/GCA_000008785.1_ASM878v1_genomic/GCA_000008785.1_ASM878v1_genomic.log
[21:04:57] Command: /ibex/sw/csi/prokka/1.14.5/conda2/miniconda2/bin/prokka --force --outdir ./prokka_output/GCA_000008785.1_ASM878v1_genomic --prefix GCA_000008785.1_ASM878v1_genomic /home/alquwara/ncbi_dataset/data/Reem/GCA_000008785.1_ASM878v1_genomic.fna
[21:04:57] Appending to PATH: /ibex/sw/csi/prokka/1.14.5/conda2/miniconda2/bin
[21:04:57] Looking for 'aragorn' - found /ibex/sw/csi/prokka/1.14.5/conda2/miniconda2/bin/aragorn
[21:04:57] Determined aragorn version is 001002 from 'ARAGORN v1.2.38 Dean Laslett'
[21:04:57] Looking for 'barrnap' - found /ibex/sw/csi/prokka/1.14.5/conda2/miniconda2/bin/barrnap
[21:04:57] Determined barrnap version is 000009 from 'barrnap 0.9'
[21:04:57] Looking for 'blastp' - found /ibex/sw/csi/prokka/1.14.5/conda2/miniconda2/bin/blastp
[21:04:57] Determined blastp version is 002010 from 'blastp: 2.10.1+'
[21:04:57] Looking for 'cmpress' - found /ibex/sw/csi/prokka/1.14.5/conda2/miniconda2/bin/cmpress
[21:04:57] Determined cmpress version is 001001 from '# INFERNAL 1.1.3 (Nov 2019)'
[21:04:57] Looking for 'cmscan' - found /ibex/sw/csi/prokka/1.14.5/conda2/miniconda2/bin/cmscan
[21:04:57] Determined cmscan version is 001001 from '# INFERNAL 1.1.3 (Nov 2019)'
[21:04:57] Looking for 'egrep' - found /usr/bin/egrep
[21:04:57] Looking for 'find' - found /usr/bin/find
[21:04:57] Looking for 'grep' - found /usr/bin/grep
[21:04:57] Looking for 'hmmpress' - found /ibex/sw/csi/prokka/1.14.5/conda2/miniconda2/bin/hmmpress
[21:04:57] Determined hmmpress version is 003003 from '# HMMER 3.3.2 (Nov 2020); http://hmmer.org/'
[21:04:57] Looking for 'hmmscan' - found /ibex/sw/csi/prokka/1.14.5/conda2/miniconda2/bin/hmmscan
[21:04:57] Determined hmmscan version is 003003 from '# HMMER 3.3.2 (Nov 2020); http://hmmer.org/'
[21:04:57] Looking for 'java' - found /ibex/sw/csi/prokka/1.14.5/conda2/miniconda2/bin/java
[21:04:57] Looking for 'makeblastdb' - found /ibex/sw/csi/prokka/1.14.5/conda2/miniconda2/bin/makeblastdb
[21:04:57] Determined makeblastdb version is 002010 from 'makeblastdb: 2.10.1+'
[21:04:57] Looking for 'minced' - found /ibex/sw/csi/prokka/1.14.5/conda2/miniconda2/bin/minced
[21:04:57] Determined minced version is 004002 from 'minced 0.4.2'
[21:04:57] Looking for 'parallel' - found /ibex/sw/csi/prokka/1.14.5/conda2/miniconda2/bin/parallel
[21:04:57] Determined parallel version is 20201122 from 'GNU parallel 20201122'
[21:04:57] Looking for 'prodigal' - found /ibex/sw/csi/prokka/1.14.5/conda2/miniconda2/bin/prodigal
[21:04:57] Determined prodigal version is 002006 from 'Prodigal V2.6.3: February, 2016'
[21:04:57] Looking for 'prokka-genbank_to_fasta_db' - found /ibex/sw/csi/prokka/1.14.5/conda2/miniconda2/bin/prokka-genbank_to_fasta_db
[21:04:57] Looking for 'sed' - found /usr/bin/sed
[21:04:57] Looking for 'tbl2asn' - found /ibex/sw/csi/prokka/1.14.5/conda2/miniconda2/bin/tbl2asn
[21:04:57] Determined tbl2asn version is 025007 from 'tbl2asn 25.7   arguments:'
[21:04:57] Using genetic code table 11.
[21:04:57] Loading and checking input file: /home/alquwara/ncbi_dataset/data/Reem/GCA_000008785.1_ASM878v1_genomic.fna
[21:04:57] Wrote 1 contigs totalling 1643831 bp.
[21:04:57] Predicting tRNAs and tmRNAs
[21:04:57] Running: aragorn -l -gc11  -w \.\/prokka_output\/GCA_000008785\.1_ASM878v1_genomic\/GCA_000008785\.1_ASM878v1_genomic\.fna
[21:04:58] 1 tRNA-Glu c[4079,4154] 35 (ttc)
[21:04:58] 2 tRNA-Asp c[4214,4290] 35 (gtc)
[21:04:58] 3 tRNA-Val c[4341,4416] 34 (tac)
[21:04:58] 4 tRNA-Glu c[4454,4528] 34 (ttc)
[21:04:58] 5 tRNA-Lys c[4541,4616] 34 (ttt)
[21:04:58] 6 tRNA-Val c[75728,75803] 34 (gac)
[21:04:58] 7 tRNA-Ser [93161,93252] 36 (gct)
[21:04:58] 8 tRNA-Asn c[235335,235409] 33 (gtt)
[21:04:58] 9 tRNA-Ala c[258389,258464] 34 (ggc)
[21:04:58] 10 tRNA-Arg [341122,341198] 35 (gcg)
[21:04:58] 11 tRNA-Ser c[391010,391097] 35 (gga)
[21:04:58] 12 tRNA-Pro c[442334,442411] 36 (ggg)
[21:04:58] 13 tRNA-Met c[760036,760112] 35 (cat)
[21:04:58] 14 tmRNA c[800992,801377] 84,128 VNNADYAPAYAKAA*
[21:04:58] 15 tRNA-Arg [852570,852646] 35 (cct)
[21:04:58] 16 tRNA-Met c[915399,915475] 35 (cat)
[21:04:58] 17 tRNA-Gln c[915508,915582] 33 (ttg)
[21:04:58] 18 tRNA-Gly [974561,974636] 34 (gcc)
[21:04:58] 19 tRNA-Leu [974676,974762] 35 (taa)
[21:04:58] 20 tRNA-Cys [974816,974890] 33 (gca)
[21:04:58] 21 tRNA-Ser [974940,975027] 35 (tga)
[21:04:58] 22 tRNA-Arg c[1076698,1076774] 35 (tct)
[21:04:58] 23 tRNA-Arg c[1076796,1076872] 35 (tcg)
[21:04:58] 24 tRNA-His c[1076932,1077008] 35 (gtg)
[21:04:58] 25 tRNA-Pro c[1077075,1077152] 36 (tgg)
[21:04:58] 26 tRNA-Leu c[1127524,1127608] 35 (tag)
[21:04:58] 27 tRNA-Ile [1132400,1132476] 35 (gat)
[21:04:58] 28 tRNA-Ala [1132494,1132569] 34 (tgc)
[21:04:58] 29 tRNA-Met c[1230231,1230308] 36 (cat)
[21:04:58] 30 tRNA-Trp c[1258703,1258778] 34 (cca)
[21:04:58] 31 tRNA-Thr c[1260350,1260424] 33 (ggt)
[21:04:58] 32 tRNA-Gly c[1260455,1260531] 35 (tcc)
[21:04:58] 33 tRNA-Tyr c[1260548,1260632] 35 (gta)
[21:04:58] 34 tRNA-Thr c[1260660,1260735] 34 (tgt)
[21:04:58] 35 tRNA-Leu c[1266069,1266155] 35 (caa)
[21:04:58] 36 tRNA-Leu c[1266209,1266295] 35 (gag)
[21:04:58] 37 tRNA-Phe [1556051,1556126] 34 (gaa)
[21:04:58] Found 37 tRNAs
[21:04:58] Predicting Ribosomal RNAs
[21:04:58] Running Barrnap with 8 threads
[21:04:59] 1 AE001439.1 1057559 23S ribosomal RNA
[21:04:59] 2 AE001439.1 1188028 16S ribosomal RNA
[21:04:59] 3 AE001439.1 1427397 23S ribosomal RNA
[21:04:59] 4 AE001439.1 1463046 16S ribosomal RNA
[21:04:59] Found 4 rRNAs
[21:04:59] Skipping ncRNA search, enable with --rfam if desired.
[21:04:59] Total of 40 tRNA + rRNA features
[21:04:59] Searching for CRISPR repeats
[21:04:59] Found 0 CRISPRs
[21:04:59] Predicting coding sequences
[21:04:59] Contigs total 1643831 bp, so using single mode
[21:04:59] Running: prodigal -i \.\/prokka_output\/GCA_000008785\.1_ASM878v1_genomic\/GCA_000008785\.1_ASM878v1_genomic\.fna -c -m -g 11 -p single -f sco -q
[21:05:02] Excluding CDS which overlaps existing RNA (tRNA) at AE001439.1:760074..761195 on - strand
[21:05:02] Found 1504 CDS
[21:05:02] Connecting features back to sequences
[21:05:02] Not using genus-specific database. Try --usegenus to enable it.
[21:05:02] Annotating CDS, please be patient.
[21:05:02] Will use 8 CPUs for similarity searching.
[21:05:03] There are still 1504 unannotated CDS left (started with 1504)
[21:05:03] Will use blast to search against /ibex/sw/csi/prokka/1.14.5/conda2/miniconda2/db/kingdom/Bacteria/IS with 8 CPUs
[21:05:03] Running: cat \.\/prokka_output\/GCA_000008785\.1_ASM878v1_genomic\/GCA_000008785\.1_ASM878v1_genomic\.IS\.tmp\.2310251\.faa | parallel --gnu --plain -j 8 --block 31475 --recstart '>' --pipe blastp -query - -db /ibex/sw/csi/prokka/1.14.5/conda2/miniconda2/db/kingdom/Bacteria/IS -evalue 1e-30 -qcov_hsp_perc 90 -num_threads 1 -num_descriptions 1 -num_alignments 1 -seg no > \.\/prokka_output\/GCA_000008785\.1_ASM878v1_genomic\/GCA_000008785\.1_ASM878v1_genomic\.IS\.tmp\.2310251\.blast 2> /dev/null
[21:05:07] Deleting unwanted file: ./prokka_output/GCA_000008785.1_ASM878v1_genomic/GCA_000008785.1_ASM878v1_genomic.IS.tmp.2310251.faa
[21:05:07] Deleting unwanted file: ./prokka_output/GCA_000008785.1_ASM878v1_genomic/GCA_000008785.1_ASM878v1_genomic.IS.tmp.2310251.blast
[21:05:07] There are still 1502 unannotated CDS left (started with 1504)
[21:05:07] Will use blast to search against /ibex/sw/csi/prokka/1.14.5/conda2/miniconda2/db/kingdom/Bacteria/AMR with 8 CPUs
[21:05:07] Running: cat \.\/prokka_output\/GCA_000008785\.1_ASM878v1_genomic\/GCA_000008785\.1_ASM878v1_genomic\.AMR\.tmp\.2310251\.faa | parallel --gnu --plain -j 8 --block 31426 --recstart '>' --pipe blastp -query - -db /ibex/sw/csi/prokka/1.14.5/conda2/miniconda2/db/kingdom/Bacteria/AMR -evalue 9.99999999999999e-301 -qcov_hsp_perc 90 -num_threads 1 -num_descriptions 1 -num_alignments 1 -seg no > \.\/prokka_output\/GCA_000008785\.1_ASM878v1_genomic\/GCA_000008785\.1_ASM878v1_genomic\.AMR\.tmp\.2310251\.blast 2> /dev/null
[21:05:11] Deleting unwanted file: ./prokka_output/GCA_000008785.1_ASM878v1_genomic/GCA_000008785.1_ASM878v1_genomic.AMR.tmp.2310251.faa
[21:05:11] Deleting unwanted file: ./prokka_output/GCA_000008785.1_ASM878v1_genomic/GCA_000008785.1_ASM878v1_genomic.AMR.tmp.2310251.blast
[21:05:11] There are still 1502 unannotated CDS left (started with 1504)
[21:05:11] Will use blast to search against /ibex/sw/csi/prokka/1.14.5/conda2/miniconda2/db/kingdom/Bacteria/sprot with 8 CPUs
[21:05:11] Running: cat \.\/prokka_output\/GCA_000008785\.1_ASM878v1_genomic\/GCA_000008785\.1_ASM878v1_genomic\.sprot\.tmp\.2310251\.faa | parallel --gnu --plain -j 8 --block 31426 --recstart '>' --pipe blastp -query - -db /ibex/sw/csi/prokka/1.14.5/conda2/miniconda2/db/kingdom/Bacteria/sprot -evalue 1e-09 -qcov_hsp_perc 80 -num_threads 1 -num_descriptions 1 -num_alignments 1 -seg no > \.\/prokka_output\/GCA_000008785\.1_ASM878v1_genomic\/GCA_000008785\.1_ASM878v1_genomic\.sprot\.tmp\.2310251\.blast 2> /dev/null
[21:05:26] Modify product: Uncharacterized protein NMB1437 => putative protein
[21:05:26] Modify product: Probable transcriptional regulatory protein HP_0162 => putative transcriptional regulatory protein
[21:05:26] Modify product: Putative peptidyl-prolyl cis-trans isomerase HP_0175 => Putative peptidyl-prolyl cis-trans isomerase
[21:05:27] Modify product: Uncharacterized ABC transporter ATP-binding protein YejF => putative ABC transporter ATP-binding protein YejF
[21:05:27] Modify product: Aminopeptidase HP_1037 => Aminopeptidase
[21:05:27] Modify product: Uncharacterized AAA domain-containing protein Rv2559c => putative AAA domain-containing protein
[21:05:27] Modify product: Uncharacterized zinc protease Rv2782c => putative zinc protease
[21:05:27] Modify product: Uncharacterized protein HP_0495 => putative protein
[21:05:27] Modify product: Uncharacterized FAD-linked oxidoreductase Rv2280 => putative FAD-linked oxidoreductase
[21:05:27] Modify product: Putative transport protein Rv1101c => Putative transport protein
[21:05:27] Modify product: Bifunctional protein FolD => Bifunctional protein FolD protein
[21:05:27] Modify product: Uncharacterized ABC transporter ATP-binding protein TM_0288 => putative ABC transporter ATP-binding protein
[21:05:27] Modify product: Probable L-asparaginase => putative L-asparaginase
[21:05:27] Modify product: Probable FMN/FAD exporter YeeO => putative FMN/FAD exporter YeeO
[21:05:27] Modify product: Nucleoid-associated protein HP_0035 => Nucleoid-associated protein
[21:05:27] Modify product: Putative 2-hydroxyacid dehydrogenase HI_1556 => Putative 2-hydroxyacid dehydrogenase
[21:05:27] Modify product: Uncharacterized zinc protease Rv2782c => putative zinc protease
[21:05:27] Modify product: Uncharacterized RNA pseudouridine synthase HP_0347 => putative RNA pseudouridine synthase
[21:05:27] Modify product: Chemotaxis protein CheY homolog => Chemotaxis protein CheY 
[21:05:27] Modify product: Uncharacterized protein HP_1423 => putative protein
[21:05:27] Modify product: Probable dual-specificity RNA methyltransferase RlmN => putative dual-specificity RNA methyltransferase RlmN
[21:05:27] Modify product: UPF0194 membrane protein YbhG => hypothetical protein
[21:05:27] Modify product: UPF0053 protein Rv1842c => hypothetical protein
[21:05:27] Modify product: Uncharacterized HIT-like protein HP_0404 => putative HIT-like protein
[21:05:27] Modify product: Uncharacterized protein Rv2581c => putative protein
[21:05:27] Modify product: Probable adenylyltransferase/sulfurtransferase MoeZ => putative adenylyltransferase/sulfurtransferase MoeZ
[21:05:27] Modify product: Uncharacterized ABC transporter ATP-binding protein YbiT => putative ABC transporter ATP-binding protein YbiT
[21:05:27] Modify product: Uncharacterized ABC transporter ATP-binding protein HI_1470 => putative ABC transporter ATP-binding protein
[21:05:27] Modify product: UPF0053 inner membrane protein YgdQ => hypothetical protein
[21:05:27] Modify product: Probable nicotinate-nucleotide pyrophosphorylase [carboxylating] => putative nicotinate-nucleotide pyrophosphorylase [carboxylating]
[21:05:27] Modify product: Uncharacterized protein HP_1531 => putative protein
[21:05:27] Modify product: Probable formaldehyde dehydrogenase AdhA => putative formaldehyde dehydrogenase AdhA
[21:05:27] Modify product: Probable peptidoglycan D,D-transpeptidase PenA => putative peptidoglycan D,D-transpeptidase PenA
[21:05:27] Modify product: Probable peptidoglycan glycosyltransferase FtsW => putative peptidoglycan glycosyltransferase FtsW
[21:05:27] Modify product: Uncharacterized metal-dependent hydrolase YcfH => putative metal-dependent hydrolase YcfH
[21:05:27] Modify product: Probable tautomerase HP_0924 => putative tautomerase
[21:05:27] Modify product: Protease HtpX homolog => Protease HtpX 
[21:05:27] Modify product: Probable amino-acid ABC transporter-binding protein HI_1080 => putative amino-acid ABC transporter-binding protein
[21:05:27] Modify product: RutC family protein HI_0719 => RutC family protein
[21:05:27] Modify product: Uncharacterized RNA pseudouridine synthase Rv1540 => putative RNA pseudouridine synthase
[21:05:27] Modify product: Uncharacterized protein Rv2030c => putative protein
[21:05:27] Modify product: Multidrug efflux system ATP-binding protein Rv1218c => Multidrug efflux system ATP-binding protein
[21:05:27] Modify product: Protein jhp_1168 => Protein
[21:05:27] Modify product: Probable chromosome-partitioning protein ParB => putative chromosome-partitioning protein ParB
[21:05:27] Cleaned 44 /product names
[21:05:27] Deleting unwanted file: ./prokka_output/GCA_000008785.1_ASM878v1_genomic/GCA_000008785.1_ASM878v1_genomic.sprot.tmp.2310251.faa
[21:05:27] Deleting unwanted file: ./prokka_output/GCA_000008785.1_ASM878v1_genomic/GCA_000008785.1_ASM878v1_genomic.sprot.tmp.2310251.blast
[21:05:28] There are still 762 unannotated CDS left (started with 1504)
[21:05:28] Will use hmmer3 to search against /ibex/sw/csi/prokka/1.14.5/conda2/miniconda2/db/hmm/HAMAP.hmm with 8 CPUs
[21:05:28] Running: cat \.\/prokka_output\/GCA_000008785\.1_ASM878v1_genomic\/GCA_000008785\.1_ASM878v1_genomic\.HAMAP\.hmm\.tmp\.2310251\.faa | parallel --gnu --plain -j 8 --block 15035 --recstart '>' --pipe hmmscan --noali --notextw --acc -E 1e-09 --cpu 1 /ibex/sw/csi/prokka/1.14.5/conda2/miniconda2/db/hmm/HAMAP.hmm /dev/stdin > \.\/prokka_output\/GCA_000008785\.1_ASM878v1_genomic\/GCA_000008785\.1_ASM878v1_genomic\.HAMAP\.hmm\.tmp\.2310251\.hmmer3 2> /dev/null
[21:05:34] Modify product: Uncharacterized MFS-type transporter YfcJ => putative MFS-type transporter YfcJ
[21:05:34] Cleaned 1 /product names
[21:05:34] Deleting unwanted file: ./prokka_output/GCA_000008785.1_ASM878v1_genomic/GCA_000008785.1_ASM878v1_genomic.HAMAP.hmm.tmp.2310251.faa
[21:05:34] Deleting unwanted file: ./prokka_output/GCA_000008785.1_ASM878v1_genomic/GCA_000008785.1_ASM878v1_genomic.HAMAP.hmm.tmp.2310251.hmmer3
[21:05:34] Labelling remaining 655 proteins as 'hypothetical protein'
[21:05:34] Possible /pseudo 'L-lactate permease' at AE001439.1 position 144989
[21:05:34] Possible /pseudo 'Dipeptide transport system permease protein DppC' at AE001439.1 position 315926
[21:05:34] Possible /pseudo 'DNA topoisomerase 1' at AE001439.1 position 1018247
[21:05:34] Found 750 unique /gene codes.
[21:05:34] Fixed 2 duplicate /gene - atpG_1 atpG_2
[21:05:34] Fixed 2 duplicate /gene - der_1 der_2
[21:05:34] Fixed 2 duplicate /gene - mnmA_1 mnmA_2
[21:05:34] Fixed 4 duplicate /gene - topA_1 topA_2 topA_3 topA_4
[21:05:34] Fixed 2 duplicate /gene - copA_1 copA_2
[21:05:34] Fixed 3 duplicate /gene - xerH_1 xerH_2 xerH_3
[21:05:34] Fixed 2 duplicate /gene - virB4_1 virB4_2
[21:05:34] Fixed 2 duplicate /gene - rsxB_1 rsxB_2
[21:05:34] Fixed 2 duplicate /gene - trxA_1 trxA_2
[21:05:34] Fixed 3 duplicate /gene - cheV_1 cheV_2 cheV_3
[21:05:34] Fixed 2 duplicate /gene - trpC_1 trpC_2
[21:05:34] Fixed 2 duplicate /gene - folE_1 folE_2
[21:05:34] Fixed 2 duplicate /gene - mboIR_1 mboIR_2
[21:05:34] Fixed 2 duplicate /gene - gltX1_1 gltX1_2
[21:05:34] Fixed 2 duplicate /gene - moaA_1 moaA_2
[21:05:34] Fixed 2 duplicate /gene - ftsY_1 ftsY_2
[21:05:34] Fixed 3 duplicate /gene - hcpC_1 hcpC_2 hcpC_3
[21:05:34] Fixed 2 duplicate /gene - atpD_1 atpD_2
[21:05:34] Fixed 2 duplicate /gene - tcyB_1 tcyB_2
[21:05:34] Fixed 2 duplicate /gene - exbD_1 exbD_2
[21:05:34] Fixed 2 duplicate /gene - dpnA_1 dpnA_2
[21:05:34] Fixed 2 duplicate /gene - qseB_1 qseB_2
[21:05:34] Fixed 2 duplicate /gene - dppC_1 dppC_2
[21:05:34] Fixed 2 duplicate /gene - flgG_1 flgG_2
[21:05:34] Fixed 4 duplicate /gene - btuB_1 btuB_2 btuB_3 btuB_4
[21:05:34] Fixed 3 duplicate /gene - htpX_1 htpX_2 htpX_3
[21:05:34] Fixed 2 duplicate /gene - pyrC_1 pyrC_2
[21:05:34] Fixed 2 duplicate /gene - ftsH_1 ftsH_2
[21:05:34] Fixed 2 duplicate /gene - lldP_1 lldP_2
[21:05:34] Fixed 2 duplicate /gene - fucT_1 fucT_2
[21:05:34] Fixed 2 duplicate /gene - nth_1 nth_2
[21:05:34] Fixed 2 duplicate /gene - btuD_1 btuD_2
[21:05:34] Fixed 2 duplicate /gene - ndhB_1 ndhB_2
[21:05:34] Fixed 2 duplicate /gene - fecA_1 fecA_2
[21:05:34] Fixed 3 duplicate /gene - prmC_1 prmC_2 prmC_3
[21:05:34] Fixed 2 duplicate /gene - yafQ_1 yafQ_2
[21:05:34] Fixed 3 duplicate /gene - tolQ_1 tolQ_2 tolQ_3
[21:05:34] Fixed 37 colliding /gene names.
[21:05:34] Adding /locus_tag identifiers
[21:05:34] Assigned 1545 locus_tags to CDS and RNA features.
[21:05:34] Writing outputs to ./prokka_output/GCA_000008785.1_ASM878v1_genomic/
[21:05:34] Generating annotation statistics file
[21:05:34] Generating Genbank and Sequin files
[21:05:34] Running: tbl2asn -V b -a r10k -l paired-ends -M n -N 1 -y 'Annotated using prokka 1.14.6 from https://github.com/tseemann/prokka' -Z \.\/prokka_output\/GCA_000008785\.1_ASM878v1_genomic\/GCA_000008785\.1_ASM878v1_genomic\.err -i \.\/prokka_output\/GCA_000008785\.1_ASM878v1_genomic\/GCA_000008785\.1_ASM878v1_genomic\.fsa 2> /dev/null
[21:05:37] Deleting unwanted file: ./prokka_output/GCA_000008785.1_ASM878v1_genomic/errorsummary.val
[21:05:37] Deleting unwanted file: ./prokka_output/GCA_000008785.1_ASM878v1_genomic/GCA_000008785.1_ASM878v1_genomic.dr
[21:05:37] Deleting unwanted file: ./prokka_output/GCA_000008785.1_ASM878v1_genomic/GCA_000008785.1_ASM878v1_genomic.fixedproducts
[21:05:37] Deleting unwanted file: ./prokka_output/GCA_000008785.1_ASM878v1_genomic/GCA_000008785.1_ASM878v1_genomic.ecn
[21:05:37] Deleting unwanted file: ./prokka_output/GCA_000008785.1_ASM878v1_genomic/GCA_000008785.1_ASM878v1_genomic.val
[21:05:37] Repairing broken .GBK output that tbl2asn produces...
[21:05:37] Running: sed 's/COORDINATES: profile/COORDINATES:profile/' < \.\/prokka_output\/GCA_000008785\.1_ASM878v1_genomic\/GCA_000008785\.1_ASM878v1_genomic\.gbf > \.\/prokka_output\/GCA_000008785\.1_ASM878v1_genomic\/GCA_000008785\.1_ASM878v1_genomic\.gbk
[21:05:37] Deleting unwanted file: ./prokka_output/GCA_000008785.1_ASM878v1_genomic/GCA_000008785.1_ASM878v1_genomic.gbf
[21:05:37] Output files:
[21:05:37] ./prokka_output/GCA_000008785.1_ASM878v1_genomic/GCA_000008785.1_ASM878v1_genomic.log
[21:05:37] ./prokka_output/GCA_000008785.1_ASM878v1_genomic/GCA_000008785.1_ASM878v1_genomic.fna
[21:05:37] ./prokka_output/GCA_000008785.1_ASM878v1_genomic/GCA_000008785.1_ASM878v1_genomic.gff
[21:05:37] ./prokka_output/GCA_000008785.1_ASM878v1_genomic/GCA_000008785.1_ASM878v1_genomic.faa
[21:05:37] ./prokka_output/GCA_000008785.1_ASM878v1_genomic/GCA_000008785.1_ASM878v1_genomic.ffn
[21:05:37] ./prokka_output/GCA_000008785.1_ASM878v1_genomic/GCA_000008785.1_ASM878v1_genomic.tbl
[21:05:37] ./prokka_output/GCA_000008785.1_ASM878v1_genomic/GCA_000008785.1_ASM878v1_genomic.fsa
[21:05:37] ./prokka_output/GCA_000008785.1_ASM878v1_genomic/GCA_000008785.1_ASM878v1_genomic.tsv
[21:05:37] ./prokka_output/GCA_000008785.1_ASM878v1_genomic/GCA_000008785.1_ASM878v1_genomic.txt
[21:05:37] ./prokka_output/GCA_000008785.1_ASM878v1_genomic/GCA_000008785.1_ASM878v1_genomic.gbk
[21:05:37] ./prokka_output/GCA_000008785.1_ASM878v1_genomic/GCA_000008785.1_ASM878v1_genomic.sqn
[21:05:37] ./prokka_output/GCA_000008785.1_ASM878v1_genomic/GCA_000008785.1_ASM878v1_genomic.err
[21:05:37] Annotation finished successfully.
[21:05:37] Walltime used: 0.67 minutes
[21:05:37] If you use this result please cite the Prokka paper:
[21:05:37] Seemann T (2014) Prokka: rapid prokaryotic genome annotation. Bioinformatics. 30(14):2068-9.
[21:05:37] Type 'prokka --citation' for more details.
[21:05:37] Thank you, come again.
