[21:04:03] This is prokka 1.14.6
[21:04:03] Written by Torsten Seemann <torsten.seemann@gmail.com>
[21:04:03] Homepage is https://github.com/tseemann/prokka
[21:04:03] Local time is Mon Sep 30 21:04:03 2024
[21:04:03] You are alquwara
[21:04:03] Operating system is linux
[21:04:03] You have BioPerl 1.007002
[21:04:03] System has 40 cores.
[21:04:03] Will use maximum of 8 cores.
[21:04:03] Annotating as >>> Bacteria <<<
[21:04:03] Generating locus_tag from '/home/alquwara/ncbi_dataset/data/Reem/GCA_000008725.1_ASM872v1_genomic.fna' contents.
[21:04:03] Setting --locustag CNACAJDA from MD5 c7aca3dae1027712d02c82ebcb26f5ff
[21:04:03] Re-using existing --outdir ./prokka_output/GCA_000008725.1_ASM872v1_genomic
[21:04:03] Using filename prefix: GCA_000008725.1_ASM872v1_genomic.XXX
[21:04:03] Setting HMMER_NCPU=1
[21:04:03] Writing log to: ./prokka_output/GCA_000008725.1_ASM872v1_genomic/GCA_000008725.1_ASM872v1_genomic.log
[21:04:03] Command: /ibex/sw/csi/prokka/1.14.5/conda2/miniconda2/bin/prokka --force --outdir ./prokka_output/GCA_000008725.1_ASM872v1_genomic --prefix GCA_000008725.1_ASM872v1_genomic /home/alquwara/ncbi_dataset/data/Reem/GCA_000008725.1_ASM872v1_genomic.fna
[21:04:03] Appending to PATH: /ibex/sw/csi/prokka/1.14.5/conda2/miniconda2/bin
[21:04:03] Looking for 'aragorn' - found /ibex/sw/csi/prokka/1.14.5/conda2/miniconda2/bin/aragorn
[21:04:03] Determined aragorn version is 001002 from 'ARAGORN v1.2.38 Dean Laslett'
[21:04:03] Looking for 'barrnap' - found /ibex/sw/csi/prokka/1.14.5/conda2/miniconda2/bin/barrnap
[21:04:03] Determined barrnap version is 000009 from 'barrnap 0.9'
[21:04:03] Looking for 'blastp' - found /ibex/sw/csi/prokka/1.14.5/conda2/miniconda2/bin/blastp
[21:04:03] Determined blastp version is 002010 from 'blastp: 2.10.1+'
[21:04:03] Looking for 'cmpress' - found /ibex/sw/csi/prokka/1.14.5/conda2/miniconda2/bin/cmpress
[21:04:03] Determined cmpress version is 001001 from '# INFERNAL 1.1.3 (Nov 2019)'
[21:04:03] Looking for 'cmscan' - found /ibex/sw/csi/prokka/1.14.5/conda2/miniconda2/bin/cmscan
[21:04:03] Determined cmscan version is 001001 from '# INFERNAL 1.1.3 (Nov 2019)'
[21:04:03] Looking for 'egrep' - found /usr/bin/egrep
[21:04:03] Looking for 'find' - found /usr/bin/find
[21:04:03] Looking for 'grep' - found /usr/bin/grep
[21:04:03] Looking for 'hmmpress' - found /ibex/sw/csi/prokka/1.14.5/conda2/miniconda2/bin/hmmpress
[21:04:03] Determined hmmpress version is 003003 from '# HMMER 3.3.2 (Nov 2020); http://hmmer.org/'
[21:04:03] Looking for 'hmmscan' - found /ibex/sw/csi/prokka/1.14.5/conda2/miniconda2/bin/hmmscan
[21:04:03] Determined hmmscan version is 003003 from '# HMMER 3.3.2 (Nov 2020); http://hmmer.org/'
[21:04:03] Looking for 'java' - found /ibex/sw/csi/prokka/1.14.5/conda2/miniconda2/bin/java
[21:04:03] Looking for 'makeblastdb' - found /ibex/sw/csi/prokka/1.14.5/conda2/miniconda2/bin/makeblastdb
[21:04:03] Determined makeblastdb version is 002010 from 'makeblastdb: 2.10.1+'
[21:04:03] Looking for 'minced' - found /ibex/sw/csi/prokka/1.14.5/conda2/miniconda2/bin/minced
[21:04:03] Determined minced version is 004002 from 'minced 0.4.2'
[21:04:03] Looking for 'parallel' - found /ibex/sw/csi/prokka/1.14.5/conda2/miniconda2/bin/parallel
[21:04:03] Determined parallel version is 20201122 from 'GNU parallel 20201122'
[21:04:03] Looking for 'prodigal' - found /ibex/sw/csi/prokka/1.14.5/conda2/miniconda2/bin/prodigal
[21:04:03] Determined prodigal version is 002006 from 'Prodigal V2.6.3: February, 2016'
[21:04:03] Looking for 'prokka-genbank_to_fasta_db' - found /ibex/sw/csi/prokka/1.14.5/conda2/miniconda2/bin/prokka-genbank_to_fasta_db
[21:04:03] Looking for 'sed' - found /usr/bin/sed
[21:04:03] Looking for 'tbl2asn' - found /ibex/sw/csi/prokka/1.14.5/conda2/miniconda2/bin/tbl2asn
[21:04:03] Determined tbl2asn version is 025007 from 'tbl2asn 25.7   arguments:'
[21:04:03] Using genetic code table 11.
[21:04:03] Loading and checking input file: /home/alquwara/ncbi_dataset/data/Reem/GCA_000008725.1_ASM872v1_genomic.fna
[21:04:03] Wrote 1 contigs totalling 1042519 bp.
[21:04:03] Predicting tRNAs and tmRNAs
[21:04:03] Running: aragorn -l -gc11  -w \.\/prokka_output\/GCA_000008725\.1_ASM872v1_genomic\/GCA_000008725\.1_ASM872v1_genomic\.fna
[21:04:04] 1 tmRNA c[20666,21082] 92,160 AEPKAECEIISFADLEDLRVAA*
[21:04:04] 2 tRNA-Asn c[42728,42802] 34 (gtt)
[21:04:04] 3 tRNA-Pro c[68920,68996] 37 (tgg)
[21:04:04] 4 tRNA-Thr [158661,158736] 35 (tgt)
[21:04:04] 5 tRNA-Tyr [158743,158827] 36 (gta)
[21:04:04] 6 tRNA-Ile c[202340,202415] 36 (gat)
[21:04:04] 7 tRNA-Ala c[202420,202492] 34 (tgc)
[21:04:04] 8 tRNA-Met c[234283,234356] 35 (cat)
[21:04:04] 9 tRNA-Met c[234375,234447] 34 (cat)
[21:04:04] 10 tRNA-Asp c[250288,250363] 36 (gtc)
[21:04:04] 11 tRNA-Val c[250369,250443] 35 (tac)
[21:04:04] 12 tRNA-Trp c[361866,361940] 35 (cca)
[21:04:04] 13 tRNA-Thr c[363210,363281] 33 (ggt)
[21:04:04] 14 tRNA-Met [368395,368469] 35 (cat)
[21:04:04] 15 tRNA-Ser [409237,409325] 36 (cga)
[21:04:04] 16 tRNA-Ser c[485242,485331] 36 (gga)
[21:04:04] 17 tRNA-Phe c[489980,490056] 35 (gaa)
[21:04:04] 18 tRNA-Leu [541062,541146] 35 (caa)
[21:04:04] 19 tRNA-Arg [543862,543936] 35 (tcg)
[21:04:04] 20 tRNA-Leu c[545988,546071] 36 (gag)
[21:04:04] 21 tRNA-Ser c[574896,574986] 36 (gct)
[21:04:04] 22 tRNA-Leu c[581986,582069] 34 (taa)
[21:04:04] 23 tRNA-Leu [605751,605836] 36 (cag)
[21:04:04] 24 tRNA-Arg c[682213,682287] 35 (acg)
[21:04:04] 25 tRNA-Pro [718302,718378] 36 (ggg)
[21:04:04] 26 tRNA-Ala c[725436,725508] 34 (ggc)
[21:04:04] 27 tRNA-Arg [752670,752744] 35 (tct)
[21:04:04] 28 tRNA-Thr [773399,773471] 34 (cgt)
[21:04:04] 29 tRNA-Lys c[775264,775336] 34 (ttt)
[21:04:04] 30 tRNA-Glu c[775352,775428] 38 (ttc)
[21:04:04] 31 tRNA-Gly c[778591,778661] 33 (tcc)
[21:04:04] 32 tRNA-Gly c[814540,814611] 33 (gcc)
[21:04:04] 33 tRNA-His c[853554,853628] 35 (gtg)
[21:04:04] 34 tRNA-Cys c[887936,888006] 33 (gca)
[21:04:04] 35 tRNA-Gln [937061,937134] 34 (ttg)
[21:04:04] 36 tRNA-Val c[979519,979595] 36 (gac)
[21:04:04] 37 tRNA-Ser [984330,984415] 35 (tga)
[21:04:04] 38 tRNA-Leu [1018110,1018193] 36 (tag)
[21:04:04] Found 38 tRNAs
[21:04:04] Predicting Ribosomal RNAs
[21:04:04] Running Barrnap with 8 threads
[21:04:05] 1 AE001273.1 854127 16S ribosomal RNA
[21:04:05] 2 AE001273.1 855928 23S ribosomal RNA
[21:04:05] 3 AE001273.1 858984 5S ribosomal RNA
[21:04:05] 4 AE001273.1 876173 16S ribosomal RNA
[21:04:05] 5 AE001273.1 877974 23S ribosomal RNA
[21:04:05] 6 AE001273.1 881029 5S ribosomal RNA
[21:04:05] Found 6 rRNAs
[21:04:05] Skipping ncRNA search, enable with --rfam if desired.
[21:04:05] Total of 43 tRNA + rRNA features
[21:04:05] Searching for CRISPR repeats
[21:04:05] Found 0 CRISPRs
[21:04:05] Predicting coding sequences
[21:04:05] Contigs total 1042519 bp, so using single mode
[21:04:05] Running: prodigal -i \.\/prokka_output\/GCA_000008725\.1_ASM872v1_genomic\/GCA_000008725\.1_ASM872v1_genomic\.fna -c -m -g 11 -p single -f sco -q
[21:04:07] Excluding CDS which overlaps existing RNA (tRNA) at AE001273.1:158716..158835 on - strand
[21:04:07] Excluding CDS which overlaps existing RNA (tRNA) at AE001273.1:853464..853736 on + strand
[21:04:07] Excluding CDS which overlaps existing RNA (rRNA) at AE001273.1:857821..858450 on - strand
[21:04:07] Excluding CDS which overlaps existing RNA (rRNA) at AE001273.1:879867..880496 on - strand
[21:04:07] Excluding CDS which overlaps existing RNA (tRNA) at AE001273.1:978856..979530 on + strand
[21:04:07] Found 892 CDS
[21:04:07] Connecting features back to sequences
[21:04:07] Not using genus-specific database. Try --usegenus to enable it.
[21:04:07] Annotating CDS, please be patient.
[21:04:07] Will use 8 CPUs for similarity searching.
[21:04:07] There are still 892 unannotated CDS left (started with 892)
[21:04:07] Will use blast to search against /ibex/sw/csi/prokka/1.14.5/conda2/miniconda2/db/kingdom/Bacteria/IS with 8 CPUs
[21:04:07] Running: cat \.\/prokka_output\/GCA_000008725\.1_ASM872v1_genomic\/GCA_000008725\.1_ASM872v1_genomic\.IS\.tmp\.2306606\.faa | parallel --gnu --plain -j 8 --block 19774 --recstart '>' --pipe blastp -query - -db /ibex/sw/csi/prokka/1.14.5/conda2/miniconda2/db/kingdom/Bacteria/IS -evalue 1e-30 -qcov_hsp_perc 90 -num_threads 1 -num_descriptions 1 -num_alignments 1 -seg no > \.\/prokka_output\/GCA_000008725\.1_ASM872v1_genomic\/GCA_000008725\.1_ASM872v1_genomic\.IS\.tmp\.2306606\.blast 2> /dev/null
[21:04:10] Deleting unwanted file: ./prokka_output/GCA_000008725.1_ASM872v1_genomic/GCA_000008725.1_ASM872v1_genomic.IS.tmp.2306606.faa
[21:04:10] Deleting unwanted file: ./prokka_output/GCA_000008725.1_ASM872v1_genomic/GCA_000008725.1_ASM872v1_genomic.IS.tmp.2306606.blast
[21:04:10] There are still 892 unannotated CDS left (started with 892)
[21:04:10] Will use blast to search against /ibex/sw/csi/prokka/1.14.5/conda2/miniconda2/db/kingdom/Bacteria/AMR with 8 CPUs
[21:04:10] Running: cat \.\/prokka_output\/GCA_000008725\.1_ASM872v1_genomic\/GCA_000008725\.1_ASM872v1_genomic\.AMR\.tmp\.2306606\.faa | parallel --gnu --plain -j 8 --block 19774 --recstart '>' --pipe blastp -query - -db /ibex/sw/csi/prokka/1.14.5/conda2/miniconda2/db/kingdom/Bacteria/AMR -evalue 9.99999999999999e-301 -qcov_hsp_perc 90 -num_threads 1 -num_descriptions 1 -num_alignments 1 -seg no > \.\/prokka_output\/GCA_000008725\.1_ASM872v1_genomic\/GCA_000008725\.1_ASM872v1_genomic\.AMR\.tmp\.2306606\.blast 2> /dev/null
[21:04:12] Deleting unwanted file: ./prokka_output/GCA_000008725.1_ASM872v1_genomic/GCA_000008725.1_ASM872v1_genomic.AMR.tmp.2306606.faa
[21:04:12] Deleting unwanted file: ./prokka_output/GCA_000008725.1_ASM872v1_genomic/GCA_000008725.1_ASM872v1_genomic.AMR.tmp.2306606.blast
[21:04:13] There are still 892 unannotated CDS left (started with 892)
[21:04:13] Will use blast to search against /ibex/sw/csi/prokka/1.14.5/conda2/miniconda2/db/kingdom/Bacteria/sprot with 8 CPUs
[21:04:13] Running: cat \.\/prokka_output\/GCA_000008725\.1_ASM872v1_genomic\/GCA_000008725\.1_ASM872v1_genomic\.sprot\.tmp\.2306606\.faa | parallel --gnu --plain -j 8 --block 19774 --recstart '>' --pipe blastp -query - -db /ibex/sw/csi/prokka/1.14.5/conda2/miniconda2/db/kingdom/Bacteria/sprot -evalue 1e-09 -qcov_hsp_perc 80 -num_threads 1 -num_descriptions 1 -num_alignments 1 -seg no > \.\/prokka_output\/GCA_000008725\.1_ASM872v1_genomic\/GCA_000008725\.1_ASM872v1_genomic\.sprot\.tmp\.2306606\.blast 2> /dev/null
[21:04:23] Modify product: UPF0053 protein HI_0107 => hypothetical protein
[21:04:23] Modify product: UPF0053 inner membrane protein YfjD => hypothetical protein
[21:04:23] Modify product: Uncharacterized ABC transporter ATP-binding protein YbiT => putative ABC transporter ATP-binding protein YbiT
[21:04:23] Modify product: Probable ABC transporter arginine-binding protein ArtJ => putative ABC transporter arginine-binding protein ArtJ
[21:04:23] Modify product: Bifunctional protein FolD => Bifunctional protein FolD protein
[21:04:23] Modify product: GTP cyclohydrolase 1 type 2 homolog => GTP cyclohydrolase 1 type 2 
[21:04:23] Modify product: Probable D,D-dipeptide transport ATP-binding protein DdpF => putative D,D-dipeptide transport ATP-binding protein DdpF
[21:04:23] Modify product: UPF0301 protein YqgE => hypothetical protein
[21:04:23] Modify product: Glycogen operon protein GlgX homolog => Glycogen operon protein GlgX 
[21:04:23] Modify product: Probable cytosol aminopeptidase => putative cytosol aminopeptidase
[21:04:23] Modify product: Probable outer membrane protein PmpA => putative outer membrane protein PmpA
[21:04:23] Modify product: Probable outer membrane protein PmpB => putative outer membrane protein PmpB
[21:04:23] Modify product: Probable outer membrane protein PmpC => putative outer membrane protein PmpC
[21:04:23] Modify product: Probable type II secretion system protein HxcR => putative type II secretion system protein HxcR
[21:04:23] Modify product: Uncharacterized peptidase SA1530 => putative peptidase
[21:04:23] Modify product: Protein CPn_0803/CP_1068/CPj0803/CpB0832 => Protein/CP_1068/CPj0803/CpB0832
[21:04:23] Modify product: Probable oxidoreductase CT_610 => putative oxidoreductase CT_610
[21:04:23] Modify product: Probable transcriptional regulatory protein aq_1575 => putative transcriptional regulatory protein
[21:04:23] Modify product: UPF0176 protein SP_0095 => hypothetical protein
[21:04:23] Modify product: Uncharacterized protein CT_666 => putative protein CT_666
[21:04:23] Modify product: Probable uridylyltransferase SA1974 => putative uridylyltransferase
[21:04:23] Modify product: Probable secretion system apparatus ATP synthase SsaN => putative secretion system apparatus ATP synthase SsaN
[21:04:23] Modify product: Probable cadmium-transporting ATPase => putative cadmium-transporting ATPase
[21:04:23] Modify product: UPF0098 protein CT_736 => hypothetical protein
[21:04:23] Modify product: Probable peptidoglycan glycosyltransferase FtsW => putative peptidoglycan glycosyltransferase FtsW
[21:04:23] Modify product: Probable outer membrane protein PmpD => putative outer membrane protein PmpD
[21:04:23] Modify product: Probable ATP synthase YscN => putative ATP synthase YscN
[21:04:23] Modify product: Uncharacterized protein CT_671 => putative protein CT_671
[21:04:23] Modify product: Probable ATP-dependent transporter SufC => putative ATP-dependent transporter SufC
[21:04:23] Modify product: Probable cysteine desulfurase => putative cysteine desulfurase
[21:04:23] Modify product: UPF0111 protein HI_1603 => hypothetical protein
[21:04:24] Modify product: UPF0056 inner membrane protein YhgN => hypothetical protein
[21:04:24] Modify product: Probable outer membrane protein PmpE => putative outer membrane protein PmpE
[21:04:24] Modify product: Probable outer membrane protein PmpF => putative outer membrane protein PmpF
[21:04:24] Modify product: Probable outer membrane protein PmpG => putative outer membrane protein PmpG
[21:04:24] Modify product: Probable outer membrane protein PmpH => putative outer membrane protein PmpH
[21:04:24] Modify product: Probable outer membrane protein PmpI => putative outer membrane protein PmpI
[21:04:24] Cleaned 37 /product names
[21:04:24] Deleting unwanted file: ./prokka_output/GCA_000008725.1_ASM872v1_genomic/GCA_000008725.1_ASM872v1_genomic.sprot.tmp.2306606.faa
[21:04:24] Deleting unwanted file: ./prokka_output/GCA_000008725.1_ASM872v1_genomic/GCA_000008725.1_ASM872v1_genomic.sprot.tmp.2306606.blast
[21:04:24] There are still 440 unannotated CDS left (started with 892)
[21:04:24] Will use hmmer3 to search against /ibex/sw/csi/prokka/1.14.5/conda2/miniconda2/db/hmm/HAMAP.hmm with 8 CPUs
[21:04:24] Running: cat \.\/prokka_output\/GCA_000008725\.1_ASM872v1_genomic\/GCA_000008725\.1_ASM872v1_genomic\.HAMAP\.hmm\.tmp\.2306606\.faa | parallel --gnu --plain -j 8 --block 8972 --recstart '>' --pipe hmmscan --noali --notextw --acc -E 1e-09 --cpu 1 /ibex/sw/csi/prokka/1.14.5/conda2/miniconda2/db/hmm/HAMAP.hmm /dev/stdin > \.\/prokka_output\/GCA_000008725\.1_ASM872v1_genomic\/GCA_000008725\.1_ASM872v1_genomic\.HAMAP\.hmm\.tmp\.2306606\.hmmer3 2> /dev/null
[21:04:27] Deleting unwanted file: ./prokka_output/GCA_000008725.1_ASM872v1_genomic/GCA_000008725.1_ASM872v1_genomic.HAMAP.hmm.tmp.2306606.faa
[21:04:27] Deleting unwanted file: ./prokka_output/GCA_000008725.1_ASM872v1_genomic/GCA_000008725.1_ASM872v1_genomic.HAMAP.hmm.tmp.2306606.hmmer3
[21:04:27] Labelling remaining 347 proteins as 'hypothetical protein'
[21:04:27] Possible /pseudo 'Cardiolipin synthase A' at AE001273.1 position 179440
[21:04:27] Found 496 unique /gene codes.
[21:04:27] Fixed 2 duplicate /gene - oppD_1 oppD_2
[21:04:27] Fixed 2 duplicate /gene - tlcA_1 tlcA_2
[21:04:27] Fixed 2 duplicate /gene - dinG_1 dinG_2
[21:04:27] Fixed 2 duplicate /gene - gyrA_1 gyrA_2
[21:04:27] Fixed 2 duplicate /gene - dxs_1 dxs_2
[21:04:27] Fixed 4 duplicate /gene - clsA_1 clsA_2 clsA_3 clsA_4
[21:04:27] Fixed 2 duplicate /gene - tyrP_1 tyrP_2
[21:04:27] Fixed 2 duplicate /gene - mntB_1 mntB_2
[21:04:27] Fixed 2 duplicate /gene - groL_1 groL_2
[21:04:27] Fixed 2 duplicate /gene - sctC_1 sctC_2
[21:04:27] Fixed 2 duplicate /gene - pknD_1 pknD_2
[21:04:27] Fixed 2 duplicate /gene - efp_1 efp_2
[21:04:27] Fixed 2 duplicate /gene - pdhC_1 pdhC_2
[21:04:27] Fixed 2 duplicate /gene - gyrB_1 gyrB_2
[21:04:27] Fixed 2 duplicate /gene - dnaA_1 dnaA_2
[21:04:27] Fixed 2 duplicate /gene - alsT_1 alsT_2
[21:04:27] Fixed 2 duplicate /gene - oppA_1 oppA_2
[21:04:27] Fixed 2 duplicate /gene - pfp_1 pfp_2
[21:04:27] Fixed 2 duplicate /gene - pgsA_1 pgsA_2
[21:04:27] Fixed 19 colliding /gene names.
[21:04:27] Adding /locus_tag identifiers
[21:04:27] Assigned 936 locus_tags to CDS and RNA features.
[21:04:27] Writing outputs to ./prokka_output/GCA_000008725.1_ASM872v1_genomic/
[21:04:27] Generating annotation statistics file
[21:04:27] Generating Genbank and Sequin files
[21:04:27] Running: tbl2asn -V b -a r10k -l paired-ends -M n -N 1 -y 'Annotated using prokka 1.14.6 from https://github.com/tseemann/prokka' -Z \.\/prokka_output\/GCA_000008725\.1_ASM872v1_genomic\/GCA_000008725\.1_ASM872v1_genomic\.err -i \.\/prokka_output\/GCA_000008725\.1_ASM872v1_genomic\/GCA_000008725\.1_ASM872v1_genomic\.fsa 2> /dev/null
[21:04:28] Deleting unwanted file: ./prokka_output/GCA_000008725.1_ASM872v1_genomic/errorsummary.val
[21:04:28] Deleting unwanted file: ./prokka_output/GCA_000008725.1_ASM872v1_genomic/GCA_000008725.1_ASM872v1_genomic.dr
[21:04:28] Deleting unwanted file: ./prokka_output/GCA_000008725.1_ASM872v1_genomic/GCA_000008725.1_ASM872v1_genomic.fixedproducts
[21:04:28] Deleting unwanted file: ./prokka_output/GCA_000008725.1_ASM872v1_genomic/GCA_000008725.1_ASM872v1_genomic.ecn
[21:04:28] Deleting unwanted file: ./prokka_output/GCA_000008725.1_ASM872v1_genomic/GCA_000008725.1_ASM872v1_genomic.val
[21:04:28] Repairing broken .GBK output that tbl2asn produces...
[21:04:28] Running: sed 's/COORDINATES: profile/COORDINATES:profile/' < \.\/prokka_output\/GCA_000008725\.1_ASM872v1_genomic\/GCA_000008725\.1_ASM872v1_genomic\.gbf > \.\/prokka_output\/GCA_000008725\.1_ASM872v1_genomic\/GCA_000008725\.1_ASM872v1_genomic\.gbk
[21:04:28] Deleting unwanted file: ./prokka_output/GCA_000008725.1_ASM872v1_genomic/GCA_000008725.1_ASM872v1_genomic.gbf
[21:04:28] Output files:
[21:04:28] ./prokka_output/GCA_000008725.1_ASM872v1_genomic/GCA_000008725.1_ASM872v1_genomic.log
[21:04:28] ./prokka_output/GCA_000008725.1_ASM872v1_genomic/GCA_000008725.1_ASM872v1_genomic.fna
[21:04:28] ./prokka_output/GCA_000008725.1_ASM872v1_genomic/GCA_000008725.1_ASM872v1_genomic.gff
[21:04:28] ./prokka_output/GCA_000008725.1_ASM872v1_genomic/GCA_000008725.1_ASM872v1_genomic.faa
[21:04:28] ./prokka_output/GCA_000008725.1_ASM872v1_genomic/GCA_000008725.1_ASM872v1_genomic.ffn
[21:04:28] ./prokka_output/GCA_000008725.1_ASM872v1_genomic/GCA_000008725.1_ASM872v1_genomic.tbl
[21:04:28] ./prokka_output/GCA_000008725.1_ASM872v1_genomic/GCA_000008725.1_ASM872v1_genomic.fsa
[21:04:28] ./prokka_output/GCA_000008725.1_ASM872v1_genomic/GCA_000008725.1_ASM872v1_genomic.tsv
[21:04:28] ./prokka_output/GCA_000008725.1_ASM872v1_genomic/GCA_000008725.1_ASM872v1_genomic.txt
[21:04:28] ./prokka_output/GCA_000008725.1_ASM872v1_genomic/GCA_000008725.1_ASM872v1_genomic.sqn
[21:04:28] ./prokka_output/GCA_000008725.1_ASM872v1_genomic/GCA_000008725.1_ASM872v1_genomic.gbk
[21:04:28] ./prokka_output/GCA_000008725.1_ASM872v1_genomic/GCA_000008725.1_ASM872v1_genomic.err
[21:04:28] Annotation finished successfully.
[21:04:28] Walltime used: 0.42 minutes
[21:04:28] If you use this result please cite the Prokka paper:
[21:04:28] Seemann T (2014) Prokka: rapid prokaryotic genome annotation. Bioinformatics. 30(14):2068-9.
[21:04:28] Type 'prokka --citation' for more details.
[21:04:28] Share and enjoy!
