[21:01:28] This is prokka 1.14.6
[21:01:28] Written by Torsten Seemann <torsten.seemann@gmail.com>
[21:01:28] Homepage is https://github.com/tseemann/prokka
[21:01:28] Local time is Mon Sep 30 21:01:28 2024
[21:01:28] You are alquwara
[21:01:28] Operating system is linux
[21:01:28] You have BioPerl 1.007002
[21:01:28] System has 40 cores.
[21:01:28] Will use maximum of 8 cores.
[21:01:28] Annotating as >>> Bacteria <<<
[21:01:28] Generating locus_tag from '/home/alquwara/ncbi_dataset/data/Reem/GCA_000008565.1_ASM856v1_genomic.fna' contents.
[21:01:28] Setting --locustag NLDHCKDF from MD5 75d1c4df964228bf421131cb7a553f9a
[21:01:28] Re-using existing --outdir ./prokka_output/GCA_000008565.1_ASM856v1_genomic
[21:01:28] Using filename prefix: GCA_000008565.1_ASM856v1_genomic.XXX
[21:01:28] Setting HMMER_NCPU=1
[21:01:28] Writing log to: ./prokka_output/GCA_000008565.1_ASM856v1_genomic/GCA_000008565.1_ASM856v1_genomic.log
[21:01:28] Command: /ibex/sw/csi/prokka/1.14.5/conda2/miniconda2/bin/prokka --force --outdir ./prokka_output/GCA_000008565.1_ASM856v1_genomic --prefix GCA_000008565.1_ASM856v1_genomic /home/alquwara/ncbi_dataset/data/Reem/GCA_000008565.1_ASM856v1_genomic.fna
[21:01:28] Appending to PATH: /ibex/sw/csi/prokka/1.14.5/conda2/miniconda2/bin
[21:01:28] Looking for 'aragorn' - found /ibex/sw/csi/prokka/1.14.5/conda2/miniconda2/bin/aragorn
[21:01:28] Determined aragorn version is 001002 from 'ARAGORN v1.2.38 Dean Laslett'
[21:01:28] Looking for 'barrnap' - found /ibex/sw/csi/prokka/1.14.5/conda2/miniconda2/bin/barrnap
[21:01:28] Determined barrnap version is 000009 from 'barrnap 0.9'
[21:01:28] Looking for 'blastp' - found /ibex/sw/csi/prokka/1.14.5/conda2/miniconda2/bin/blastp
[21:01:28] Determined blastp version is 002010 from 'blastp: 2.10.1+'
[21:01:28] Looking for 'cmpress' - found /ibex/sw/csi/prokka/1.14.5/conda2/miniconda2/bin/cmpress
[21:01:28] Determined cmpress version is 001001 from '# INFERNAL 1.1.3 (Nov 2019)'
[21:01:28] Looking for 'cmscan' - found /ibex/sw/csi/prokka/1.14.5/conda2/miniconda2/bin/cmscan
[21:01:28] Determined cmscan version is 001001 from '# INFERNAL 1.1.3 (Nov 2019)'
[21:01:28] Looking for 'egrep' - found /usr/bin/egrep
[21:01:28] Looking for 'find' - found /usr/bin/find
[21:01:28] Looking for 'grep' - found /usr/bin/grep
[21:01:28] Looking for 'hmmpress' - found /ibex/sw/csi/prokka/1.14.5/conda2/miniconda2/bin/hmmpress
[21:01:28] Determined hmmpress version is 003003 from '# HMMER 3.3.2 (Nov 2020); http://hmmer.org/'
[21:01:28] Looking for 'hmmscan' - found /ibex/sw/csi/prokka/1.14.5/conda2/miniconda2/bin/hmmscan
[21:01:28] Determined hmmscan version is 003003 from '# HMMER 3.3.2 (Nov 2020); http://hmmer.org/'
[21:01:28] Looking for 'java' - found /ibex/sw/csi/prokka/1.14.5/conda2/miniconda2/bin/java
[21:01:28] Looking for 'makeblastdb' - found /ibex/sw/csi/prokka/1.14.5/conda2/miniconda2/bin/makeblastdb
[21:01:28] Determined makeblastdb version is 002010 from 'makeblastdb: 2.10.1+'
[21:01:28] Looking for 'minced' - found /ibex/sw/csi/prokka/1.14.5/conda2/miniconda2/bin/minced
[21:01:28] Determined minced version is 004002 from 'minced 0.4.2'
[21:01:28] Looking for 'parallel' - found /ibex/sw/csi/prokka/1.14.5/conda2/miniconda2/bin/parallel
[21:01:28] Determined parallel version is 20201122 from 'GNU parallel 20201122'
[21:01:28] Looking for 'prodigal' - found /ibex/sw/csi/prokka/1.14.5/conda2/miniconda2/bin/prodigal
[21:01:28] Determined prodigal version is 002006 from 'Prodigal V2.6.3: February, 2016'
[21:01:28] Looking for 'prokka-genbank_to_fasta_db' - found /ibex/sw/csi/prokka/1.14.5/conda2/miniconda2/bin/prokka-genbank_to_fasta_db
[21:01:28] Looking for 'sed' - found /usr/bin/sed
[21:01:28] Looking for 'tbl2asn' - found /ibex/sw/csi/prokka/1.14.5/conda2/miniconda2/bin/tbl2asn
[21:01:28] Determined tbl2asn version is 025007 from 'tbl2asn 25.7   arguments:'
[21:01:28] Using genetic code table 11.
[21:01:28] Loading and checking input file: /home/alquwara/ncbi_dataset/data/Reem/GCA_000008565.1_ASM856v1_genomic.fna
[21:01:28] Wrote 4 contigs totalling 3284156 bp.
[21:01:28] Predicting tRNAs and tmRNAs
[21:01:28] Running: aragorn -l -gc11  -w \.\/prokka_output\/GCA_000008565\.1_ASM856v1_genomic\/GCA_000008565\.1_ASM856v1_genomic\.fna
[21:01:31] 1 tRNA-Phe c[21935,22010] 34 (gaa)
[21:01:31] 2 tRNA-Asp c[22032,22107] 34 (gtc)
[21:01:31] 3 tRNA-Lys [41882,41957] 34 (ctt)
[21:01:31] 4 tRNA-Gln c[57081,57154] 33 (ttg)
[21:01:31] 5 tRNA-Arg [68827,68903] 35 (ccg)
[21:01:31] 6 tRNA-Arg [146086,146162] 35 (cct)
[21:01:31] 7 tRNA-Asp c[249747,249822] 34 (gtc)
[21:01:31] 8 tRNA-Gly [254523,254598] 34 (gcc)
[21:01:31] 9 tRNA-Ala c[294643,294718] 34 (ggc)
[21:01:31] 10 tRNA-Leu c[339242,339324] 35 (gag)
[21:01:31] 11 tRNA-Val c[498340,498414] 33 (cac)
[21:01:31] 12 tRNA-Met c[498432,498507] 34 (cat)
[21:01:31] 13 tRNA-Arg [518331,518407] 35 (tct)
[21:01:31] 14 tRNA-Ala [564388,564462] 33 (tgc)
[21:01:31] 15 tRNA-Val c[564571,564645] 33 (tac)
[21:01:31] 16 tRNA-Cys [576883,576956] 33 (gca)
[21:01:31] 17 tRNA-Val [576983,577057] 33 (gac)
[21:01:31] 18 tRNA-Ser [607622,607711] 35 (cga)
[21:01:31] 19 tRNA-Gly c[652634,652707] 33 (tcc)
[21:01:31] 20 tRNA-Pro c[652725,652801] 35 (tgg)
[21:01:31] 21 tmRNA [863322,863670] 93,122 GNQNYALAA*
[21:01:31] 22 tRNA-Leu [863725,863809] 35 (taa)
[21:01:31] 23 tRNA-Ile [886348,886424] 35 (gat)
[21:01:31] 24 tRNA-Leu c[936750,936835] 35 (tag)
[21:01:31] 25 tRNA-His c[936885,936961] 35 (gtg)
[21:01:31] 26 tRNA-Pro c[1127814,1127890] 35 (cgg)
[21:01:31] 27 tRNA-Tyr c[1271532,1271616] 36 (gta)
[21:01:31] 28 tRNA-Asp c[1272038,1272112] 34 (gtc)
[21:01:31] 29 tRNA-Leu [1317108,1317190] 35 (caa)
[21:01:31] 30 tRNA-Thr c[1485605,1485679] 33 (cgt)
[21:01:31] 31 tRNA-Met c[1655395,1655471] 35 (cat)
[21:01:31] 32 tRNA-Ala c[1781169,1781244] 34 (cgc)
[21:01:31] 33 tRNA-Val [1891560,1891640] 32 (gac)
[21:01:31] 34 tRNA-Gln c[2005407,2005480] 33 (ctg)
[21:01:31] 35 tRNA-Lys c[2037768,2037842] 33 (ttt)
[21:01:31] 36 tRNA-Ser [2045580,2045669] 35 (gga)
[21:01:31] 37 tRNA-Thr c[2063546,2063620] 33 (ggt)
[21:01:31] 38 tRNA-Gly c[2063627,2063699] 34 (ccc)
[21:01:31] 39 tRNA-Tyr c[2063704,2063789] 35 (gta)
[21:01:31] 40 tRNA-Thr c[2063836,2063911] 34 (tgt)
[21:01:31] 41 tRNA-Asn [2070898,2070972] 33 (gtt)
[21:01:31] 42 tRNA-Leu c[2118377,2118461] 35 (cag)
[21:01:31] 43 tRNA-Ser [2181630,2181717] 35 (tga)
[21:01:31] 44 tRNA-Ser [2181747,2181839] 35 (gct)
[21:01:31] 45 tRNA-Arg [2181867,2181943] 35 (acg)
[21:01:31] 46 tRNA-Pro [2186731,2186807] 35 (ggg)
[21:01:31] 47 tRNA-Gly c[2245007,2245082] 34 (gcc)
[21:01:31] 48 tRNA-Trp c[2406649,2406724] 34 (cca)
[21:01:31] 49 tRNA-Glu [2530438,2530512] 34 (ttc)
[21:01:31] 50 tRNA-Gly c[2584745,2584820] 34 (gcc)
[21:01:31] 1 tRNA-Met [60481,60557] 35 (cat)
[21:01:31] Found 51 tRNAs
[21:01:31] Predicting Ribosomal RNAs
[21:01:31] Running Barrnap with 8 threads
[21:01:31] 1 AE000513.1 84838 16S ribosomal RNA
[21:01:31] 2 AE000513.1 250341 23S ribosomal RNA
[21:01:31] 3 AE000513.1 2245323 23S ribosomal RNA
[21:01:31] 4 AE000513.1 2285518 16S ribosomal RNA
[21:01:31] 5 AE000513.1 2467934 16S ribosomal RNA
[21:01:31] 6 AE000513.1 2585062 23S ribosomal RNA
[21:01:31] Found 6 rRNAs
[21:01:31] Skipping ncRNA search, enable with --rfam if desired.
[21:01:31] Total of 56 tRNA + rRNA features
[21:01:31] Searching for CRISPR repeats
[21:01:32] Found 0 CRISPRs
[21:01:32] Predicting coding sequences
[21:01:32] Contigs total 3284156 bp, so using single mode
[21:01:32] Running: prodigal -i \.\/prokka_output\/GCA_000008565\.1_ASM856v1_genomic\/GCA_000008565\.1_ASM856v1_genomic\.fna -c -m -g 11 -p single -f sco -q
[21:01:38] Excluding CDS which overlaps existing RNA (tRNA) at AE000513.1:254004..254669 on - strand
[21:01:38] Excluding CDS which overlaps existing RNA (tRNA) at AE000513.1:607636..608190 on + strand
[21:01:39] Excluding CDS which overlaps existing RNA (tRNA) at AE000513.1:1891273..1892055 on + strand
[21:01:40] Found 3245 CDS
[21:01:40] Connecting features back to sequences
[21:01:40] Not using genus-specific database. Try --usegenus to enable it.
[21:01:40] Annotating CDS, please be patient.
[21:01:40] Will use 8 CPUs for similarity searching.
[21:01:40] There are still 3245 unannotated CDS left (started with 3245)
[21:01:40] Will use blast to search against /ibex/sw/csi/prokka/1.14.5/conda2/miniconda2/db/kingdom/Bacteria/IS with 8 CPUs
[21:01:40] Running: cat \.\/prokka_output\/GCA_000008565\.1_ASM856v1_genomic\/GCA_000008565\.1_ASM856v1_genomic\.IS\.tmp\.2293812\.faa | parallel --gnu --plain -j 8 --block 61741 --recstart '>' --pipe blastp -query - -db /ibex/sw/csi/prokka/1.14.5/conda2/miniconda2/db/kingdom/Bacteria/IS -evalue 1e-30 -qcov_hsp_perc 90 -num_threads 1 -num_descriptions 1 -num_alignments 1 -seg no > \.\/prokka_output\/GCA_000008565\.1_ASM856v1_genomic\/GCA_000008565\.1_ASM856v1_genomic\.IS\.tmp\.2293812\.blast 2> /dev/null
[21:01:49] Deleting unwanted file: ./prokka_output/GCA_000008565.1_ASM856v1_genomic/GCA_000008565.1_ASM856v1_genomic.IS.tmp.2293812.faa
[21:01:49] Deleting unwanted file: ./prokka_output/GCA_000008565.1_ASM856v1_genomic/GCA_000008565.1_ASM856v1_genomic.IS.tmp.2293812.blast
[21:01:50] There are still 3202 unannotated CDS left (started with 3245)
[21:01:50] Will use blast to search against /ibex/sw/csi/prokka/1.14.5/conda2/miniconda2/db/kingdom/Bacteria/AMR with 8 CPUs
[21:01:50] Running: cat \.\/prokka_output\/GCA_000008565\.1_ASM856v1_genomic\/GCA_000008565\.1_ASM856v1_genomic\.AMR\.tmp\.2293812\.faa | parallel --gnu --plain -j 8 --block 60841 --recstart '>' --pipe blastp -query - -db /ibex/sw/csi/prokka/1.14.5/conda2/miniconda2/db/kingdom/Bacteria/AMR -evalue 9.99999999999999e-301 -qcov_hsp_perc 90 -num_threads 1 -num_descriptions 1 -num_alignments 1 -seg no > \.\/prokka_output\/GCA_000008565\.1_ASM856v1_genomic\/GCA_000008565\.1_ASM856v1_genomic\.AMR\.tmp\.2293812\.blast 2> /dev/null
[21:01:57] Deleting unwanted file: ./prokka_output/GCA_000008565.1_ASM856v1_genomic/GCA_000008565.1_ASM856v1_genomic.AMR.tmp.2293812.faa
[21:01:57] Deleting unwanted file: ./prokka_output/GCA_000008565.1_ASM856v1_genomic/GCA_000008565.1_ASM856v1_genomic.AMR.tmp.2293812.blast
[21:01:57] There are still 3202 unannotated CDS left (started with 3245)
[21:01:57] Will use blast to search against /ibex/sw/csi/prokka/1.14.5/conda2/miniconda2/db/kingdom/Bacteria/sprot with 8 CPUs
[21:01:57] Running: cat \.\/prokka_output\/GCA_000008565\.1_ASM856v1_genomic\/GCA_000008565\.1_ASM856v1_genomic\.sprot\.tmp\.2293812\.faa | parallel --gnu --plain -j 8 --block 60841 --recstart '>' --pipe blastp -query - -db /ibex/sw/csi/prokka/1.14.5/conda2/miniconda2/db/kingdom/Bacteria/sprot -evalue 1e-09 -qcov_hsp_perc 80 -num_threads 1 -num_descriptions 1 -num_alignments 1 -seg no > \.\/prokka_output\/GCA_000008565\.1_ASM856v1_genomic\/GCA_000008565\.1_ASM856v1_genomic\.sprot\.tmp\.2293812\.blast 2> /dev/null
[21:02:31] Modify product: Probable glycolipid permease LtaA => putative glycolipid permease LtaA
[21:02:31] Modify product: Uncharacterized peptidase SA1530 => putative peptidase
[21:02:31] Modify product: 60 kDa SS-A/Ro ribonucleoprotein homolog => 60 kDa SS-A/Ro ribonucleoprotein 
[21:02:31] Modify product: N-glycosidase Npun_R5314 => N-glycosidase
[21:02:31] Modify product: Phosphatase/phosphodiesterase DR_1281 => Phosphatase/phosphodiesterase
[21:02:31] Modify product: Uncharacterized protein DR_1314 => putative protein
[21:02:31] Modify product: Putative phosphatase M6_Spy0533 => Putative phosphatase
[21:02:31] Modify product: Uncharacterized isomerase YddE => putative isomerase YddE
[21:02:31] Modify product: Probable transaldolase => putative transaldolase
[21:02:31] Modify product: Phosphatase Rv3376 => Phosphatase
[21:02:31] Modify product: Putative lipid kinase SAR0780 => Putative lipid kinase
[21:02:31] Modify product: Probable 2-phosphosulfolactate phosphatase => putative 2-phosphosulfolactate phosphatase
[21:02:31] Modify product: Uncharacterized FAD-linked oxidoreductase Rv2280 => putative FAD-linked oxidoreductase
[21:02:31] Modify product: Leu/Ile/Val-binding protein homolog 3 => Leu/Ile/Val-binding protein 
[21:02:31] Modify product: Probable GTPase Rv1496 => putative GTPase
[21:02:31] Modify product: Probable 3-hydroxybutyryl-CoA dehydrogenase => putative 3-hydroxybutyryl-CoA dehydrogenase
[21:02:31] Modify product: Uncharacterized peptidase DR_1070 => putative peptidase
[21:02:31] Modify product: Uncharacterized membrane protein Rv0364 => putative membrane protein
[21:02:31] Modify product: Protein DR_1172 => Protein
[21:02:31] Modify product: UPF0053 inner membrane protein YoaE => hypothetical protein
[21:02:32] Modify product: Putative peroxiredoxin Rv2521 => Putative peroxiredoxin
[21:02:32] Modify product: Probable metallo-hydrolase YflN => putative metallo-hydrolase YflN
[21:02:32] Modify product: Probable N-succinyldiaminopimelate aminotransferase DapC => putative N-succinyldiaminopimelate aminotransferase DapC
[21:02:32] Modify product: Probable cytosol aminopeptidase => putative cytosol aminopeptidase
[21:02:32] Modify product: Uncharacterized protein YphB => putative protein YphB
[21:02:32] Modify product: Probable type IV piliation system protein DR_0774 => putative type IV piliation system protein
[21:02:32] Modify product: Uncharacterized aminopeptidase Rv1333 => putative aminopeptidase
[21:02:32] Modify product: Leu/Ile/Val-binding protein homolog 3 => Leu/Ile/Val-binding protein 
[21:02:32] Modify product: Probable FMN/FAD exporter YeeO => putative FMN/FAD exporter YeeO
[21:02:32] Modify product: Uncharacterized protein YyaP => putative protein YyaP
[21:02:32] Modify product: Cyclic nucleotide-gated potassium channel mll3241 => Cyclic nucleotide-gated potassium channel
[21:02:32] Modify product: Putative peroxiredoxin Rv2521 => Putative peroxiredoxin
[21:02:32] Modify product: Putative esterase PA1618 => Putative esterase
[21:02:32] Modify product: Bifunctional protein FolD => Bifunctional protein FolD protein
[21:02:32] Modify product: Uncharacterized protein DR_0888 => putative protein
[21:02:32] Modify product: Putative esterase aq_1494 => Putative esterase
[21:02:32] Modify product: Nucleotide-binding protein SA0720 => Nucleotide-binding protein
[21:02:32] Modify product: Probable ABC transporter-binding protein DR_1438 => putative ABC transporter-binding protein
[21:02:32] Modify product: Phage shock protein A homolog => Phage shock protein A 
[21:02:32] Modify product: Uncharacterized sugar kinase YdjH => putative sugar kinase YdjH
[21:02:32] Modify product: Probable CtpA-like serine protease => putative CtpA-like serine protease
[21:02:32] Modify product: Probable undecaprenyl-phosphate N-acetylglucosaminyl 1-phosphate transferase => putative undecaprenyl-phosphate N-acetylglucosaminyl 1-phosphate transferase
[21:02:32] Modify product: Probable ABC transporter-binding protein DR_1571 => putative ABC transporter-binding protein
[21:02:32] Modify product: Putative aminotransferase MSMEG_6286/MSMEI_6121 => Putative aminotransferase/MSMEI_6121
[21:02:32] Modify product: Phosphatase Rv3376 => Phosphatase
[21:02:32] Modify product: Uncharacterized ABC transporter ATP-binding protein YbiT => putative ABC transporter ATP-binding protein YbiT
[21:02:32] Modify product: UPF0225 protein YchJ => hypothetical protein
[21:02:32] Modify product: Putative monooxygenase Rv0793 => Putative monooxygenase
[21:02:32] Modify product: Cell wall protein Lmo0130 => Cell wall protein
[21:02:32] Modify product: Uncharacterized inner membrane transporter YedA => putative inner membrane transporter YedA
[21:02:32] Modify product: Uncharacterized oxidoreductase SA2266 => putative oxidoreductase
[21:02:32] Modify product: Uncharacterized protein YccU => putative protein YccU
[21:02:32] Modify product: Rqc2 homolog RqcH => Rqc2 RqcH
[21:02:32] Modify product: Uncharacterized SufE-like protein Rv3284 => putative SufE-like protein
[21:02:32] Modify product: Uncharacterized protein HI_1162 => putative protein
[21:02:32] Modify product: Putative transport protein Rv0205 => Putative transport protein
[21:02:32] Modify product: Uncharacterized transporter YycB => putative transporter YycB
[21:02:32] Modify product: Glycogen operon protein GlgX homolog => Glycogen operon protein GlgX 
[21:02:32] Modify product: Uncharacterized protein DR_0269 => putative protein
[21:02:32] Modify product: Uncharacterized acyl-CoA thioester hydrolase HI_0827 => putative acyl-CoA thioester hydrolase
[21:02:32] Modify product: Leu/Ile/Val-binding protein homolog 3 => Leu/Ile/Val-binding protein 
[21:02:32] Modify product: UPF0301 protein VC_0467 => hypothetical protein
[21:02:32] Modify product: Uncharacterized protein Spy1614 => putative protein
[21:02:32] Modify product: Uncharacterized protein SA1069 => putative protein
[21:02:32] Modify product: Probable TtuB-protein conjugate cleaving protease => putative TtuB-protein conjugate cleaving protease
[21:02:32] Modify product: UPF0173 metal-dependent hydrolase SA1529 => hypothetical protein
[21:02:32] Modify product: Shikimate dehydrogenase-like protein HI_0607 => Shikimate dehydrogenase-like protein
[21:02:32] Modify product: Nudix hydrolase DR_0079 => Nudix hydrolase
[21:02:32] Modify product: Probable N-acetyl-alpha-D-glucosaminyl L-malate deacetylase 2 => putative N-acetyl-alpha-D-glucosaminyl L-malate deacetylase 2
[21:02:32] Modify product: Putative multidrug export ATP-binding/permease protein SAV1866 => Putative multidrug export ATP-binding/permease protein
[21:02:32] Modify product: Uncharacterized ABC transporter ATP-binding protein TM_0288 => putative ABC transporter ATP-binding protein
[21:02:32] Modify product: GTP cyclohydrolase 1 type 2 homolog => GTP cyclohydrolase 1 type 2 
[21:02:32] Modify product: Probable 2,4-dienoyl-CoA reductase => putative 2,4-dienoyl-CoA reductase
[21:02:32] Modify product: Probable enoyl-CoA hydratase echA8 => putative enoyl-CoA hydratase echA8
[21:02:32] Modify product: Probable amino-acid metabolite efflux pump => putative amino-acid metabolite efflux pump
[21:02:32] Modify product: Uncharacterized metal-dependent hydrolase TatD => putative metal-dependent hydrolase TatD
[21:02:32] Modify product: Probable cysteine desulfurase => putative cysteine desulfurase
[21:02:32] Modify product: Uncharacterized ABC transporter ATP-binding protein TM_0288 => putative ABC transporter ATP-binding protein
[21:02:32] Modify product: Probable enoyl-CoA hydratase echA12 => putative enoyl-CoA hydratase echA12
[21:02:32] Modify product: Nucleoid-associated protein DR_0199 => Nucleoid-associated protein
[21:02:32] Modify product: Probable quorum-quenching lactonase YtnP => putative quorum-quenching lactonase YtnP
[21:02:32] Modify product: Probable membrane transporter protein YfcA => putative membrane transporter protein YfcA
[21:02:32] Modify product: Segregation and condensation protein B homolog => Segregation and condensation protein B 
[21:02:32] Modify product: UPF0382 membrane protein YwdK => hypothetical protein
[21:02:32] Modify product: UPF0073 inner membrane protein YqfA => hypothetical protein
[21:02:32] Modify product: Uncharacterized oxidoreductase SA2266 => putative oxidoreductase
[21:02:32] Modify product: DegV domain-containing protein MW1315 => DegV domain-containing protein
[21:02:32] Modify product: Uncharacterized protein DR_1987 => putative protein
[21:02:32] Modify product: Uncharacterized protein Rv2569c => putative protein
[21:02:32] Modify product: Uncharacterized oxidoreductase Rv1350 => putative oxidoreductase
[21:02:32] Modify product: Uncharacterized ABC transporter ATP-binding protein Rv0986 => putative ABC transporter ATP-binding protein
[21:02:32] Modify product: Uncharacterized protein DR_A0282 => putative protein
[21:02:32] Modify product: Probable subtilase-type serine protease DR_A0283 => putative subtilase-type serine protease
[21:02:32] Modify product: Probable siderophore transport system ATP-binding protein YusV => putative siderophore transport system ATP-binding protein YusV
[21:02:32] Modify product: Probable siderophore transport system permease protein YfhA => putative siderophore transport system permease protein YfhA
[21:02:32] Modify product: Probable siderophore transport system permease protein YfiZ => putative siderophore transport system permease protein YfiZ
[21:02:32] Modify product: UPF0053 protein Rv1842c => hypothetical protein
[21:02:32] Modify product: UPF0053 protein Rv1842c => hypothetical protein
[21:02:32] Modify product: UPF0053 inner membrane protein YgdQ => hypothetical protein
[21:02:32] Modify product: Uncharacterized protein YisK => putative protein YisK
[21:02:32] Modify product: Uncharacterized membrane protein YdfK => putative membrane protein YdfK
[21:02:32] Modify product: Uncharacterized ABC transporter ATP-binding protein YheS => putative ABC transporter ATP-binding protein YheS
[21:02:33] Modify product: Uncharacterized FAD-linked oxidoreductase Rv2280 => putative FAD-linked oxidoreductase
[21:02:33] Modify product: Probable GTPase Rv1496 => putative GTPase
[21:02:33] Modify product: Desiccation/radiation resistance protein DR_1769 => Desiccation/radiation resistance protein
[21:02:33] Modify product: Probable zinc-binding alcohol dehydrogenase Rv1895 => putative zinc-binding alcohol dehydrogenase
[21:02:33] Modify product: Probable adenylyl-sulfate kinase => putative adenylyl-sulfate kinase
[21:02:33] Modify product: Probable succinyl-CoA:3-ketoacid coenzyme A transferase subunit B => putative succinyl-CoA:3-ketoacid coenzyme A transferase subunit B
[21:02:33] Modify product: Probable succinyl-CoA:3-ketoacid coenzyme A transferase subunit A => putative succinyl-CoA:3-ketoacid coenzyme A transferase subunit A
[21:02:33] Modify product: Ribonuclease TTHA0252 => Ribonuclease
[21:02:33] Modify product: Transcriptional repressor SmtB homolog => Transcriptional repressor SmtB 
[21:02:33] Modify product: Probable aminotransferase Rv3329 => putative aminotransferase
[21:02:33] Modify product: Uncharacterized GMC-type oxidoreductase Rv0492c => putative GMC-type oxidoreductase
[21:02:33] Modify product: Probable xanthine dehydrogenase subunit A => putative xanthine dehydrogenase subunit A
[21:02:33] Modify product: Probable 3-hydroxybutyryl-CoA dehydrogenase => putative 3-hydroxybutyryl-CoA dehydrogenase
[21:02:33] Modify product: Phosphate-specific transport system accessory protein PhoU homolog => Phosphate-specific transport system accessory protein PhoU 
[21:02:33] Modify product: Uncharacterized protein Rv2567 => putative protein
[21:02:33] Modify product: Probable multidrug resistance ABC transporter ATP-binding/permease protein YheI => putative multidrug resistance ABC transporter ATP-binding/permease protein YheI
[21:02:33] Modify product: Uncharacterized ABC transporter ATP-binding protein TM_0288 => putative ABC transporter ATP-binding protein
[21:02:33] Modify product: UPF0051 protein SA0778 => hypothetical protein
[21:02:33] Modify product: UPF0051 protein SA0778 => hypothetical protein
[21:02:33] Modify product: Leu/Ile/Val-binding protein homolog 3 => Leu/Ile/Val-binding protein 
[21:02:33] Modify product: Sulfurtransferase Alvin_2599 => Sulfurtransferase
[21:02:33] Modify product: UPF0053 protein Rv1842c => hypothetical protein
[21:02:33] Modify product: Probable fatty acid methyltransferase Rv3720 => putative fatty acid methyltransferase
[21:02:33] Modify product: Putative HTH-type transcriptional regulator Rv1287 => Putative HTH-type transcriptional regulator
[21:02:33] Modify product: Phosphate-specific transport system accessory protein PhoU homolog => Phosphate-specific transport system accessory protein PhoU 
[21:02:33] Modify product: Probable adenylyltransferase/sulfurtransferase MoeZ => putative adenylyltransferase/sulfurtransferase MoeZ
[21:02:33] Modify product: Probable glutamine ABC transporter permease protein GlnM => putative glutamine ABC transporter permease protein GlnM
[21:02:33] Modify product: UPF0056 inner membrane protein MarC => hypothetical protein
[21:02:33] Modify product: Uncharacterized protein YpbG => putative protein YpbG
[21:02:33] Modify product: UPF0126 inner membrane protein YadS => hypothetical protein
[21:02:33] Modify product: Putative multidrug export ATP-binding/permease protein SAV1866 => Putative multidrug export ATP-binding/permease protein
[21:02:33] Modify product: Probable chromate transport protein => putative chromate transport protein
[21:02:33] Modify product: Probable 3-hydroxyacyl-CoA dehydrogenase => putative 3-hydroxyacyl-CoA dehydrogenase
[21:02:33] Modify product: Probable 3-hydroxyacyl-CoA dehydrogenase => putative 3-hydroxyacyl-CoA dehydrogenase
[21:02:33] Modify product: Probable 3-hydroxyacyl-CoA dehydrogenase => putative 3-hydroxyacyl-CoA dehydrogenase
[21:02:33] Modify product: Probable peptidoglycan glycosyltransferase FtsW => putative peptidoglycan glycosyltransferase FtsW
[21:02:33] Modify product: Uncharacterized zinc protease Rv2782c => putative zinc protease
[21:02:33] Modify product: Uncharacterized zinc protease Rv2782c => putative zinc protease
[21:02:33] Modify product: Probable transcriptional regulatory protein DVU_2259 => putative transcriptional regulatory protein
[21:02:33] Modify product: Probable manganese-dependent inorganic pyrophosphatase => putative manganese-dependent inorganic pyrophosphatase
[21:02:33] Modify product: Probable enoyl-CoA hydratase 1 => putative enoyl-CoA hydratase 1
[21:02:33] Modify product: Probable ABC transporter-binding protein DR_1571 => putative ABC transporter-binding protein
[21:02:33] Modify product: Uncharacterized protein Rv1367c => putative protein
[21:02:33] Modify product: KsdD-like steroid dehydrogenase Rv0785 => KsdD-like steroid dehydrogenase
[21:02:33] Modify product: Probable NAD-dependent malic enzyme 2 => putative NAD-dependent malic enzyme 2
[21:02:33] Modify product: Uncharacterized ABC transporter permease Rv0072 => putative ABC transporter permease
[21:02:33] Modify product: Uncharacterized protein DR_A0282 => putative protein
[21:02:33] Modify product: Probable subtilase-type serine protease DR_A0283 => putative subtilase-type serine protease
[21:02:33] Modify product: Putative multidrug export ATP-binding/permease protein SAV1866 => Putative multidrug export ATP-binding/permease protein
[21:02:33] Cleaned 151 /product names
[21:02:33] Deleting unwanted file: ./prokka_output/GCA_000008565.1_ASM856v1_genomic/GCA_000008565.1_ASM856v1_genomic.sprot.tmp.2293812.faa
[21:02:33] Deleting unwanted file: ./prokka_output/GCA_000008565.1_ASM856v1_genomic/GCA_000008565.1_ASM856v1_genomic.sprot.tmp.2293812.blast
[21:02:34] There are still 1891 unannotated CDS left (started with 3245)
[21:02:34] Will use hmmer3 to search against /ibex/sw/csi/prokka/1.14.5/conda2/miniconda2/db/hmm/HAMAP.hmm with 8 CPUs
[21:02:34] Running: cat \.\/prokka_output\/GCA_000008565\.1_ASM856v1_genomic\/GCA_000008565\.1_ASM856v1_genomic\.HAMAP\.hmm\.tmp\.2293812\.faa | parallel --gnu --plain -j 8 --block 32253 --recstart '>' --pipe hmmscan --noali --notextw --acc -E 1e-09 --cpu 1 /ibex/sw/csi/prokka/1.14.5/conda2/miniconda2/db/hmm/HAMAP.hmm /dev/stdin > \.\/prokka_output\/GCA_000008565\.1_ASM856v1_genomic\/GCA_000008565\.1_ASM856v1_genomic\.HAMAP\.hmm\.tmp\.2293812\.hmmer3 2> /dev/null
[21:02:43] Modify product: Uncharacterized Nudix hydrolase NudL => putative Nudix hydrolase NudL
[21:02:44] Cleaned 1 /product names
[21:02:44] Deleting unwanted file: ./prokka_output/GCA_000008565.1_ASM856v1_genomic/GCA_000008565.1_ASM856v1_genomic.HAMAP.hmm.tmp.2293812.faa
[21:02:44] Deleting unwanted file: ./prokka_output/GCA_000008565.1_ASM856v1_genomic/GCA_000008565.1_ASM856v1_genomic.HAMAP.hmm.tmp.2293812.hmmer3
[21:02:44] Labelling remaining 1623 proteins as 'hypothetical protein'
[21:02:44] Possible /pseudo 'Single-stranded DNA-binding protein' at AE000513.1 position 100772
[21:02:44] Possible /pseudo 'Single-stranded DNA-binding protein' at AE000513.1 position 101023
[21:02:44] Possible /pseudo 'GTP 3',8-cyclase' at AE000513.1 position 268947
[21:02:44] Possible /pseudo 'Phosphoglucomutase' at AE000513.1 position 305508
[21:02:44] Possible /pseudo 'putative protein' at AE000513.1 position 387647
[21:02:44] Possible /pseudo 'Guanidinium exporter' at AE000513.1 position 1018344
[21:02:44] Possible /pseudo 'Adaptive-response sensory-kinase SasA' at AE000513.1 position 1185937
[21:02:44] Possible /pseudo 'Asparagine--tRNA ligase' at AE000513.1 position 1277312
[21:02:44] Possible /pseudo 'Putative aminoacrylate hydrolase RutD' at AE000513.1 position 1357681
[21:02:44] Possible /pseudo 'Membrane lipoprotein TpN32' at AE000513.1 position 1365777
[21:02:44] Possible /pseudo 'Zinc-transporting ATPase' at AE000513.1 position 1443086
[21:02:44] Possible /pseudo 'Epoxyqueuosine reductase' at AE000513.1 position 1460796
[21:02:44] Possible /pseudo 'Acrylyl-CoA reductase AcuI' at AE000513.1 position 1504397
[21:02:44] Possible /pseudo 'Putative cysteine ligase BshC' at AE000513.1 position 1671500
[21:02:44] Possible /pseudo 'Ktr system potassium uptake protein B' at AE000513.1 position 1692806
[21:02:44] Possible /pseudo 'tRNA 5-methylaminomethyl-2-thiouridine biosynthesis bifunctional protein MnmC' at AE000513.1 position 1698607
[21:02:44] Possible /pseudo 'Lactate utilization protein B' at AE000513.1 position 1928148
[21:02:44] Possible /pseudo 'Polyphosphate kinase' at AE000513.1 position 1960346
[21:02:44] Possible /pseudo '3-oxoacyl-[acyl-carrier-protein] synthase 3 protein 1' at AE000513.1 position 1968544
[21:02:44] Possible /pseudo 'General stress protein 16U' at AE000513.1 position 2222118
[21:02:44] Possible /pseudo 'putative 3-hydroxyacyl-CoA dehydrogenase' at AE000513.1 position 2474273
[21:02:44] Possible /pseudo 'putative 3-hydroxyacyl-CoA dehydrogenase' at AE000513.1 position 2474572
[21:02:44] Possible /pseudo 'putative zinc protease' at AE000513.1 position 2517685
[21:02:44] Possible /pseudo 'D-inositol-3-phosphate glycosyltransferase' at AE001825.1 position 44545
[21:02:44] Possible /pseudo 'Sensor histidine kinase RcsC' at AE001826.1 position 29773
[21:02:44] Possible /pseudo 'IS4 family transposase ISDra7' at AE001826.1 position 67687
[21:02:44] Found 1169 unique /gene codes.
[21:02:44] Fixed 2 duplicate /gene - pepF1_1 pepF1_2
[21:02:44] Fixed 3 duplicate /gene - pilT_1 pilT_2 pilT_3
[21:02:44] Fixed 2 duplicate /gene - pgm_1 pgm_2
[21:02:44] Fixed 2 duplicate /gene - ftsA_1 ftsA_2
[21:02:44] Fixed 3 duplicate /gene - desR_1 desR_2 desR_3
[21:02:44] Fixed 2 duplicate /gene - thpR_1 thpR_2
[21:02:44] Fixed 2 duplicate /gene - gfh1_1 gfh1_2
[21:02:44] Fixed 2 duplicate /gene - tufB_1 tufB_2
[21:02:44] Fixed 3 duplicate /gene - plsY_1 plsY_2 plsY_3
[21:02:44] Fixed 4 duplicate /gene - lnrL_1 lnrL_2 lnrL_3 lnrL_4
[21:02:44] Fixed 4 duplicate /gene - pknD_1 pknD_2 pknD_3 pknD_4
[21:02:44] Fixed 2 duplicate /gene - pnbA_1 pnbA_2
[21:02:44] Fixed 2 duplicate /gene - mutS_1 mutS_2
[21:02:44] Fixed 4 duplicate /gene - gloB_1 gloB_2 gloB_3 gloB_4
[21:02:44] Fixed 2 duplicate /gene - gabR_1 gabR_2
[21:02:44] Fixed 2 duplicate /gene - tal_1 tal_2
[21:02:44] Fixed 2 duplicate /gene - dapE_1 dapE_2
[21:02:44] Fixed 2 duplicate /gene - comEC_1 comEC_2
[21:02:44] Fixed 3 duplicate /gene - btuF_1 btuF_2 btuF_3
[21:02:44] Fixed 2 duplicate /gene - purK_1 purK_2
[21:02:44] Fixed 2 duplicate /gene - mnmG_1 mnmG_2
[21:02:44] Fixed 2 duplicate /gene - noc_1 noc_2
[21:02:44] Fixed 2 duplicate /gene - hacB_1 hacB_2
[21:02:44] Fixed 2 duplicate /gene - resA_1 resA_2
[21:02:44] Fixed 2 duplicate /gene - asnS_1 asnS_2
[21:02:44] Fixed 2 duplicate /gene - ydcO_1 ydcO_2
[21:02:44] Fixed 2 duplicate /gene - xynR_1 xynR_2
[21:02:44] Fixed 2 duplicate /gene - glmU_1 glmU_2
[21:02:44] Fixed 4 duplicate /gene - lptB_1 lptB_2 lptB_3 lptB_4
[21:02:44] Fixed 2 duplicate /gene - glmS_1 glmS_2
[21:02:44] Fixed 2 duplicate /gene - fabHA_1 fabHA_2
[21:02:44] Fixed 6 duplicate /gene - rcp1_1 rcp1_2 rcp1_3 rcp1_4 rcp1_5 rcp1_6
[21:02:44] Fixed 4 duplicate /gene - gph_1 gph_2 gph_3 gph_4
[21:02:44] Fixed 3 duplicate /gene - yceD_1 yceD_2 yceD_3
[21:02:44] Fixed 2 duplicate /gene - uvrA_1 uvrA_2
[21:02:44] Fixed 2 duplicate /gene - lutA_1 lutA_2
[21:02:44] Fixed 2 duplicate /gene - phoU_1 phoU_2
[21:02:44] Fixed 2 duplicate /gene - crtD_1 crtD_2
[21:02:44] Fixed 2 duplicate /gene - corA_1 corA_2
[21:02:44] Fixed 2 duplicate /gene - der_1 der_2
[21:02:44] Fixed 2 duplicate /gene - mnmC_1 mnmC_2
[21:02:44] Fixed 2 duplicate /gene - acuI_1 acuI_2
[21:02:44] Fixed 2 duplicate /gene - ldh_1 ldh_2
[21:02:44] Fixed 5 duplicate /gene - nudC_1 nudC_2 nudC_3 nudC_4 nudC_5
[21:02:44] Fixed 2 duplicate /gene - lpd_1 lpd_2
[21:02:44] Fixed 2 duplicate /gene - csoR_1 csoR_2
[21:02:44] Fixed 2 duplicate /gene - ltaA_1 ltaA_2
[21:02:44] Fixed 2 duplicate /gene - tetA_1 tetA_2
[21:02:44] Fixed 2 duplicate /gene - putC_1 putC_2
[21:02:44] Fixed 2 duplicate /gene - fabG_1 fabG_2
[21:02:44] Fixed 2 duplicate /gene - rutD_1 rutD_2
[21:02:44] Fixed 3 duplicate /gene - ssb_1 ssb_2 ssb_3
[21:02:44] Fixed 3 duplicate /gene - smc_1 smc_2 smc_3
[21:02:44] Fixed 2 duplicate /gene - tagU_1 tagU_2
[21:02:44] Fixed 2 duplicate /gene - lptD_1 lptD_2
[21:02:44] Fixed 2 duplicate /gene - aceB_1 aceB_2
[21:02:44] Fixed 2 duplicate /gene - paoC_1 paoC_2
[21:02:44] Fixed 3 duplicate /gene - apaH_1 apaH_2 apaH_3
[21:02:44] Fixed 5 duplicate /gene - livF_1 livF_2 livF_3 livF_4 livF_5
[21:02:44] Fixed 2 duplicate /gene - prsA_1 prsA_2
[21:02:44] Fixed 2 duplicate /gene - yabJ_1 yabJ_2
[21:02:44] Fixed 4 duplicate /gene - soj_1 soj_2 soj_3 soj_4
[21:02:44] Fixed 3 duplicate /gene - rcsC_1 rcsC_2 rcsC_3
[21:02:44] Fixed 2 duplicate /gene - hcaR_1 hcaR_2
[21:02:44] Fixed 2 duplicate /gene - fusA_1 fusA_2
[21:02:44] Fixed 2 duplicate /gene - bamB_1 bamB_2
[21:02:44] Fixed 2 duplicate /gene - xerC_1 xerC_2
[21:02:44] Fixed 2 duplicate /gene - rlmI_1 rlmI_2
[21:02:44] Fixed 3 duplicate /gene - tam_1 tam_2 tam_3
[21:02:44] Fixed 12 duplicate /gene - btuD_1 btuD_2 btuD_3 btuD_4 btuD_5 btuD_6 btuD_7 btuD_8 btuD_9 btuD_10 btuD_11 btuD_12
[21:02:44] Fixed 3 duplicate /gene - hbpA_1 hbpA_2 hbpA_3
[21:02:44] Fixed 2 duplicate /gene - mcm_1 mcm_2
[21:02:44] Fixed 2 duplicate /gene - nudF_1 nudF_2
[21:02:44] Fixed 4 duplicate /gene - COQ5_1 COQ5_2 COQ5_3 COQ5_4
[21:02:44] Fixed 4 duplicate /gene - ftsH_1 ftsH_2 ftsH_3 ftsH_4
[21:02:44] Fixed 2 duplicate /gene - menC_1 menC_2
[21:02:44] Fixed 2 duplicate /gene - msrP_1 msrP_2
[21:02:44] Fixed 2 duplicate /gene - isdG_1 isdG_2
[21:02:44] Fixed 2 duplicate /gene - thrB_1 thrB_2
[21:02:44] Fixed 2 duplicate /gene - lytF_1 lytF_2
[21:02:44] Fixed 5 duplicate /gene - mshD_1 mshD_2 mshD_3 mshD_4 mshD_5
[21:02:44] Fixed 5 duplicate /gene - livH_1 livH_2 livH_3 livH_4 livH_5
[21:02:44] Fixed 3 duplicate /gene - bepA_1 bepA_2 bepA_3
[21:02:44] Fixed 2 duplicate /gene - dmdC_1 dmdC_2
[21:02:44] Fixed 2 duplicate /gene - gdx_1 gdx_2
[21:02:44] Fixed 2 duplicate /gene - aroA_1 aroA_2
[21:02:44] Fixed 2 duplicate /gene - sdhA_1 sdhA_2
[21:02:44] Fixed 2 duplicate /gene - alaS_1 alaS_2
[21:02:44] Fixed 3 duplicate /gene - nhaP_1 nhaP_2 nhaP_3
[21:02:44] Fixed 2 duplicate /gene - lutB_1 lutB_2
[21:02:44] Fixed 2 duplicate /gene - lysN_1 lysN_2
[21:02:44] Fixed 3 duplicate /gene - COQ3_1 COQ3_2 COQ3_3
[21:02:44] Fixed 4 duplicate /gene - bcp_1 bcp_2 bcp_3 bcp_4
[21:02:44] Fixed 3 duplicate /gene - aes_1 aes_2 aes_3
[21:02:44] Fixed 4 duplicate /gene - mdtD_1 mdtD_2 mdtD_3 mdtD_4
[21:02:44] Fixed 2 duplicate /gene - fadN_1 fadN_2
[21:02:44] Fixed 2 duplicate /gene - cshA_1 cshA_2
[21:02:44] Fixed 2 duplicate /gene - frc_1 frc_2
[21:02:44] Fixed 3 duplicate /gene - fliY_1 fliY_2 fliY_3
[21:02:44] Fixed 2 duplicate /gene - nagR_1 nagR_2
[21:02:44] Fixed 2 duplicate /gene - tadA_1 tadA_2
[21:02:44] Fixed 2 duplicate /gene - prmC_1 prmC_2
[21:02:44] Fixed 2 duplicate /gene - mtgA_1 mtgA_2
[21:02:44] Fixed 2 duplicate /gene - paoB_1 paoB_2
[21:02:44] Fixed 5 duplicate /gene - mshA_1 mshA_2 mshA_3 mshA_4 mshA_5
[21:02:44] Fixed 2 duplicate /gene - queG_1 queG_2
[21:02:44] Fixed 2 duplicate /gene - gpmB_1 gpmB_2
[21:02:44] Fixed 2 duplicate /gene - ade_1 ade_2
[21:02:44] Fixed 2 duplicate /gene - rlmL_1 rlmL_2
[21:02:44] Fixed 2 duplicate /gene - ppk_1 ppk_2
[21:02:44] Fixed 2 duplicate /gene - mobA_1 mobA_2
[21:02:44] Fixed 2 duplicate /gene - dnaJ_1 dnaJ_2
[21:02:44] Fixed 2 duplicate /gene - gdhA_1 gdhA_2
[21:02:44] Fixed 2 duplicate /gene - yfiT_1 yfiT_2
[21:02:44] Fixed 2 duplicate /gene - gsiD_1 gsiD_2
[21:02:44] Fixed 2 duplicate /gene - mntB_1 mntB_2
[21:02:44] Fixed 2 duplicate /gene - rnr_1 rnr_2
[21:02:44] Fixed 2 duplicate /gene - mmgB_1 mmgB_2
[21:02:44] Fixed 2 duplicate /gene - fadD_1 fadD_2
[21:02:44] Fixed 11 duplicate /gene - sasA_1 sasA_2 sasA_3 sasA_4 sasA_5 sasA_6 sasA_7 sasA_8 sasA_9 sasA_10 sasA_11
[21:02:44] Fixed 2 duplicate /gene - paoA_1 paoA_2
[21:02:44] Fixed 2 duplicate /gene - bshC_1 bshC_2
[21:02:44] Fixed 2 duplicate /gene - menH_1 menH_2
[21:02:44] Fixed 2 duplicate /gene - fpgS_1 fpgS_2
[21:02:44] Fixed 2 duplicate /gene - acrC_1 acrC_2
[21:02:44] Fixed 3 duplicate /gene - dppB_1 dppB_2 dppB_3
[21:02:44] Fixed 2 duplicate /gene - degU_1 degU_2
[21:02:44] Fixed 3 duplicate /gene - pyrE_1 pyrE_2 pyrE_3
[21:02:44] Fixed 2 duplicate /gene - glgC_1 glgC_2
[21:02:44] Fixed 2 duplicate /gene - moaA_1 moaA_2
[21:02:44] Fixed 2 duplicate /gene - pstI_1 pstI_2
[21:02:44] Fixed 3 duplicate /gene - arlR_1 arlR_2 arlR_3
[21:02:44] Fixed 2 duplicate /gene - hcaB_1 hcaB_2
[21:02:44] Fixed 2 duplicate /gene - tatA_1 tatA_2
[21:02:44] Fixed 2 duplicate /gene - glmM_1 glmM_2
[21:02:44] Fixed 4 duplicate /gene - kptA_1 kptA_2 kptA_3 kptA_4
[21:02:44] Fixed 2 duplicate /gene - mrr_1 mrr_2
[21:02:44] Fixed 3 duplicate /gene - mshB_1 mshB_2 mshB_3
[21:02:44] Fixed 2 duplicate /gene - bioM_1 bioM_2
[21:02:44] Fixed 2 duplicate /gene - lon1_1 lon1_2
[21:02:44] Fixed 2 duplicate /gene - nth_1 nth_2
[21:02:44] Fixed 4 duplicate /gene - dppA_1 dppA_2 dppA_3 dppA_4
[21:02:44] Fixed 2 duplicate /gene - caiA_1 caiA_2
[21:02:44] Fixed 2 duplicate /gene - hmuU_1 hmuU_2
[21:02:44] Fixed 2 duplicate /gene - fadA_1 fadA_2
[21:02:44] Fixed 2 duplicate /gene - maeA_1 maeA_2
[21:02:44] Fixed 2 duplicate /gene - rppH_1 rppH_2
[21:02:44] Fixed 2 duplicate /gene - zosA_1 zosA_2
[21:02:44] Fixed 2 duplicate /gene - thlA_1 thlA_2
[21:02:44] Fixed 3 duplicate /gene - pnp_1 pnp_2 pnp_3
[21:02:44] Fixed 2 duplicate /gene - sdhB_1 sdhB_2
[21:02:44] Fixed 2 duplicate /gene - rnd_1 rnd_2
[21:02:44] Fixed 2 duplicate /gene - mprA_1 mprA_2
[21:02:44] Fixed 2 duplicate /gene - ktrB_1 ktrB_2
[21:02:44] Fixed 154 colliding /gene names.
[21:02:44] Adding /locus_tag identifiers
[21:02:44] Assigned 3302 locus_tags to CDS and RNA features.
[21:02:44] Writing outputs to ./prokka_output/GCA_000008565.1_ASM856v1_genomic/
[21:02:45] Generating annotation statistics file
[21:02:45] Generating Genbank and Sequin files
[21:02:45] Running: tbl2asn -V b -a r10k -l paired-ends -M n -N 1 -y 'Annotated using prokka 1.14.6 from https://github.com/tseemann/prokka' -Z \.\/prokka_output\/GCA_000008565\.1_ASM856v1_genomic\/GCA_000008565\.1_ASM856v1_genomic\.err -i \.\/prokka_output\/GCA_000008565\.1_ASM856v1_genomic\/GCA_000008565\.1_ASM856v1_genomic\.fsa 2> /dev/null
[21:02:50] Deleting unwanted file: ./prokka_output/GCA_000008565.1_ASM856v1_genomic/errorsummary.val
[21:02:50] Deleting unwanted file: ./prokka_output/GCA_000008565.1_ASM856v1_genomic/GCA_000008565.1_ASM856v1_genomic.dr
[21:02:50] Deleting unwanted file: ./prokka_output/GCA_000008565.1_ASM856v1_genomic/GCA_000008565.1_ASM856v1_genomic.fixedproducts
[21:02:50] Deleting unwanted file: ./prokka_output/GCA_000008565.1_ASM856v1_genomic/GCA_000008565.1_ASM856v1_genomic.ecn
[21:02:50] Deleting unwanted file: ./prokka_output/GCA_000008565.1_ASM856v1_genomic/GCA_000008565.1_ASM856v1_genomic.val
[21:02:50] Repairing broken .GBK output that tbl2asn produces...
[21:02:50] Running: sed 's/COORDINATES: profile/COORDINATES:profile/' < \.\/prokka_output\/GCA_000008565\.1_ASM856v1_genomic\/GCA_000008565\.1_ASM856v1_genomic\.gbf > \.\/prokka_output\/GCA_000008565\.1_ASM856v1_genomic\/GCA_000008565\.1_ASM856v1_genomic\.gbk
[21:02:50] Deleting unwanted file: ./prokka_output/GCA_000008565.1_ASM856v1_genomic/GCA_000008565.1_ASM856v1_genomic.gbf
[21:02:50] Output files:
[21:02:50] ./prokka_output/GCA_000008565.1_ASM856v1_genomic/GCA_000008565.1_ASM856v1_genomic.log
[21:02:50] ./prokka_output/GCA_000008565.1_ASM856v1_genomic/GCA_000008565.1_ASM856v1_genomic.fna
[21:02:50] ./prokka_output/GCA_000008565.1_ASM856v1_genomic/GCA_000008565.1_ASM856v1_genomic.gff
[21:02:50] ./prokka_output/GCA_000008565.1_ASM856v1_genomic/GCA_000008565.1_ASM856v1_genomic.faa
[21:02:50] ./prokka_output/GCA_000008565.1_ASM856v1_genomic/GCA_000008565.1_ASM856v1_genomic.ffn
[21:02:50] ./prokka_output/GCA_000008565.1_ASM856v1_genomic/GCA_000008565.1_ASM856v1_genomic.tbl
[21:02:50] ./prokka_output/GCA_000008565.1_ASM856v1_genomic/GCA_000008565.1_ASM856v1_genomic.fsa
[21:02:50] ./prokka_output/GCA_000008565.1_ASM856v1_genomic/GCA_000008565.1_ASM856v1_genomic.tsv
[21:02:50] ./prokka_output/GCA_000008565.1_ASM856v1_genomic/GCA_000008565.1_ASM856v1_genomic.txt
[21:02:50] ./prokka_output/GCA_000008565.1_ASM856v1_genomic/GCA_000008565.1_ASM856v1_genomic.gbk
[21:02:50] ./prokka_output/GCA_000008565.1_ASM856v1_genomic/GCA_000008565.1_ASM856v1_genomic.sqn
[21:02:50] ./prokka_output/GCA_000008565.1_ASM856v1_genomic/GCA_000008565.1_ASM856v1_genomic.err
[21:02:50] Annotation finished successfully.
[21:02:50] Walltime used: 1.37 minutes
[21:02:50] If you use this result please cite the Prokka paper:
[21:02:50] Seemann T (2014) Prokka: rapid prokaryotic genome annotation. Bioinformatics. 30(14):2068-9.
[21:02:50] Type 'prokka --citation' for more details.
[21:02:50] Thank you, come again.
